[5.590s] Invoking command in '/home/grupo4/main_ws/src/image_publisher': PYTHONPATH=/home/grupo4/main_ws/build/image_publisher/prefix_override:/home/grupo4/main_ws/install/image_publisher/lib/python3.10/site-packages:${PYTHONPATH} /usr/bin/python3 -W ignore:setup.py install is deprecated setup.py egg_info --egg-base ../../build/image_publisher build --build-base /home/grupo4/main_ws/build/image_publisher/build install --record /home/grupo4/main_ws/build/image_publisher/install.log --single-version-externally-managed install_data
[7.205s] running egg_info
[7.210s] writing ../../build/image_publisher/image_publisher.egg-info/PKG-INFO
[7.212s] writing dependency_links to ../../build/image_publisher/image_publisher.egg-info/dependency_links.txt
[7.212s] writing entry points to ../../build/image_publisher/image_publisher.egg-info/entry_points.txt
[7.216s] writing requirements to ../../build/image_publisher/image_publisher.egg-info/requires.txt
[7.217s] writing top-level names to ../../build/image_publisher/image_publisher.egg-info/top_level.txt
[7.225s] reading manifest file '../../build/image_publisher/image_publisher.egg-info/SOURCES.txt'
[7.229s] writing manifest file '../../build/image_publisher/image_publisher.egg-info/SOURCES.txt'
[7.231s] running build
[7.232s] running build_py
[7.237s] running install
[7.239s] running install_lib
[7.245s] running install_data
[7.246s] running install_egg_info
[7.257s] removing '/home/grupo4/main_ws/install/image_publisher/lib/python3.10/site-packages/image_publisher-0.0.0-py3.10.egg-info' (and everything under it)
[7.257s] Copying ../../build/image_publisher/image_publisher.egg-info to /home/grupo4/main_ws/install/image_publisher/lib/python3.10/site-packages/image_publisher-0.0.0-py3.10.egg-info
[7.263s] running install_scripts
[7.366s] Installing publisher script to /home/grupo4/main_ws/install/image_publisher/lib/image_publisher
[7.369s] writing list of installed files to '/home/grupo4/main_ws/build/image_publisher/install.log'
[7.535s] Invoked command in '/home/grupo4/main_ws/src/image_publisher' returned '0': PYTHONPATH=/home/grupo4/main_ws/build/image_publisher/prefix_override:/home/grupo4/main_ws/install/image_publisher/lib/python3.10/site-packages:${PYTHONPATH} /usr/bin/python3 -W ignore:setup.py install is deprecated setup.py egg_info --egg-base ../../build/image_publisher build --build-base /home/grupo4/main_ws/build/image_publisher/build install --record /home/grupo4/main_ws/build/image_publisher/install.log --single-version-externally-managed install_data
