[3.196s] Invoking command in '/home/grupo4/new_bringup_ws/src/new_bringup': PYTHONPATH=/home/grupo4/new_bringup_ws/src/new_bringup/build/new_bringup/prefix_override:/home/grupo4/new_bringup_ws/src/new_bringup/install/new_bringup/lib/python3.10/site-packages:${PYTHONPATH} /usr/bin/python3 -W ignore:setup.py install is deprecated setup.py egg_info --egg-base build/new_bringup build --build-base /home/grupo4/new_bringup_ws/src/new_bringup/build/new_bringup/build install --record /home/grupo4/new_bringup_ws/src/new_bringup/build/new_bringup/install.log --single-version-externally-managed install_data
[4.306s] running egg_info
[4.308s] creating build/new_bringup/new_bringup.egg-info
[4.309s] writing build/new_bringup/new_bringup.egg-info/PKG-INFO
[4.310s] writing dependency_links to build/new_bringup/new_bringup.egg-info/dependency_links.txt
[4.311s] writing entry points to build/new_bringup/new_bringup.egg-info/entry_points.txt
[4.311s] writing requirements to build/new_bringup/new_bringup.egg-info/requires.txt
[4.312s] writing top-level names to build/new_bringup/new_bringup.egg-info/top_level.txt
[4.313s] writing manifest file 'build/new_bringup/new_bringup.egg-info/SOURCES.txt'
[4.320s] reading manifest file 'build/new_bringup/new_bringup.egg-info/SOURCES.txt'
[4.323s] writing manifest file 'build/new_bringup/new_bringup.egg-info/SOURCES.txt'
[4.324s] running build
[4.324s] running build_py
[4.325s] creating /home/grupo4/new_bringup_ws/src/new_bringup/build/new_bringup/build
[4.325s] creating /home/grupo4/new_bringup_ws/src/new_bringup/build/new_bringup/build/lib
[4.326s] creating /home/grupo4/new_bringup_ws/src/new_bringup/build/new_bringup/build/lib/new_bringup
[4.326s] copying new_bringup/bringup_manager.py -> /home/grupo4/new_bringup_ws/src/new_bringup/build/new_bringup/build/lib/new_bringup
[4.327s] copying new_bringup/__init__.py -> /home/grupo4/new_bringup_ws/src/new_bringup/build/new_bringup/build/lib/new_bringup
[4.328s] running install
[4.329s] running install_lib
[4.333s] creating /home/grupo4/new_bringup_ws/src/new_bringup/install/new_bringup/lib/python3.10/site-packages/new_bringup
[4.334s] copying /home/grupo4/new_bringup_ws/src/new_bringup/build/new_bringup/build/lib/new_bringup/bringup_manager.py -> /home/grupo4/new_bringup_ws/src/new_bringup/install/new_bringup/lib/python3.10/site-packages/new_bringup
[4.334s] copying /home/grupo4/new_bringup_ws/src/new_bringup/build/new_bringup/build/lib/new_bringup/__init__.py -> /home/grupo4/new_bringup_ws/src/new_bringup/install/new_bringup/lib/python3.10/site-packages/new_bringup
[4.337s] byte-compiling /home/grupo4/new_bringup_ws/src/new_bringup/install/new_bringup/lib/python3.10/site-packages/new_bringup/bringup_manager.py to bringup_manager.cpython-310.pyc
[4.339s] byte-compiling /home/grupo4/new_bringup_ws/src/new_bringup/install/new_bringup/lib/python3.10/site-packages/new_bringup/__init__.py to __init__.cpython-310.pyc
[4.340s] running install_data
[4.341s] creating /home/grupo4/new_bringup_ws/src/new_bringup/install/new_bringup/share/ament_index
[4.341s] creating /home/grupo4/new_bringup_ws/src/new_bringup/install/new_bringup/share/ament_index/resource_index
[4.341s] creating /home/grupo4/new_bringup_ws/src/new_bringup/install/new_bringup/share/ament_index/resource_index/packages
[4.342s] copying resource/new_bringup -> /home/grupo4/new_bringup_ws/src/new_bringup/install/new_bringup/share/ament_index/resource_index/packages
[4.342s] copying package.xml -> /home/grupo4/new_bringup_ws/src/new_bringup/install/new_bringup/share/new_bringup
[4.343s] creating /home/grupo4/new_bringup_ws/src/new_bringup/install/new_bringup/share/new_bringup/launch
[4.343s] copying launch/bringup_launch.py -> /home/grupo4/new_bringup_ws/src/new_bringup/install/new_bringup/share/new_bringup/launch
[4.345s] running install_egg_info
[4.351s] Copying build/new_bringup/new_bringup.egg-info to /home/grupo4/new_bringup_ws/src/new_bringup/install/new_bringup/lib/python3.10/site-packages/new_bringup-0.0.0-py3.10.egg-info
[4.356s] running install_scripts
[4.436s] Installing bringup_manager script to /home/grupo4/new_bringup_ws/src/new_bringup/install/new_bringup/lib/new_bringup
[4.437s] writing list of installed files to '/home/grupo4/new_bringup_ws/src/new_bringup/build/new_bringup/install.log'
[4.552s] Invoked command in '/home/grupo4/new_bringup_ws/src/new_bringup' returned '0': PYTHONPATH=/home/grupo4/new_bringup_ws/src/new_bringup/build/new_bringup/prefix_override:/home/grupo4/new_bringup_ws/src/new_bringup/install/new_bringup/lib/python3.10/site-packages:${PYTHONPATH} /usr/bin/python3 -W ignore:setup.py install is deprecated setup.py egg_info --egg-base build/new_bringup build --build-base /home/grupo4/new_bringup_ws/src/new_bringup/build/new_bringup/build install --record /home/grupo4/new_bringup_ws/src/new_bringup/build/new_bringup/install.log --single-version-externally-managed install_data
