[1.037s] DEBUG:colcon:Command line arguments: ['/usr/bin/colcon', 'build']
[1.038s] DEBUG:colcon:Parsed command line arguments: Namespace(log_base=None, log_level=None, verb_name='build', build_base='build', install_base='install', merge_install=False, symlink_install=False, test_result_base=None, continue_on_error=False, executor='parallel', parallel_workers=4, event_handlers=None, ignore_user_meta=False, metas=['./colcon.meta'], base_paths=['.'], packages_ignore=None, packages_ignore_regex=None, paths=None, packages_up_to=None, packages_up_to_regex=None, packages_above=None, packages_above_and_dependencies=None, packages_above_depth=None, packages_select_by_dep=None, packages_skip_by_dep=None, packages_skip_up_to=None, packages_select_build_failed=False, packages_skip_build_finished=False, packages_select_test_failures=False, packages_skip_test_passed=False, packages_select=None, packages_skip=None, packages_select_regex=None, packages_skip_regex=None, packages_start=None, packages_end=None, allow_overriding=[], cmake_args=None, cmake_target=None, cmake_target_skip_unavailable=False, cmake_clean_cache=False, cmake_clean_first=False, cmake_force_configure=False, ament_cmake_args=None, catkin_cmake_args=None, catkin_skip_building_tests=False, verb_parser=<colcon_defaults.argument_parser.defaults.DefaultArgumentsDecorator object at 0xffff8a1508e0>, verb_extension=<colcon_core.verb.build.BuildVerb object at 0xffff8a26d4e0>, main=<bound method BuildVerb.main of <colcon_core.verb.build.BuildVerb object at 0xffff8a26d4e0>>)
[2.231s] Level 1:colcon.colcon_core.package_discovery:discover_packages(colcon_meta) check parameters
[2.232s] Level 1:colcon.colcon_core.package_discovery:discover_packages(recursive) check parameters
[2.232s] Level 1:colcon.colcon_core.package_discovery:discover_packages(ignore) check parameters
[2.232s] Level 1:colcon.colcon_core.package_discovery:discover_packages(path) check parameters
[2.232s] Level 1:colcon.colcon_core.package_discovery:discover_packages(colcon_meta) discover
[2.232s] Level 1:colcon.colcon_core.package_discovery:discover_packages(recursive) discover
[2.232s] INFO:colcon.colcon_core.package_discovery:Crawling recursively for packages in '/home/grupo4/main_ws'
[2.233s] Level 1:colcon.colcon_core.package_identification:_identify(.) by extensions ['ignore', 'ignore_ament_install']
[2.233s] Level 1:colcon.colcon_core.package_identification:_identify(.) by extension 'ignore'
[2.234s] Level 1:colcon.colcon_core.package_identification:_identify(.) by extension 'ignore_ament_install'
[2.234s] Level 1:colcon.colcon_core.package_identification:_identify(.) by extensions ['colcon_pkg']
[2.234s] Level 1:colcon.colcon_core.package_identification:_identify(.) by extension 'colcon_pkg'
[2.234s] Level 1:colcon.colcon_core.package_identification:_identify(.) by extensions ['colcon_meta']
[2.234s] Level 1:colcon.colcon_core.package_identification:_identify(.) by extension 'colcon_meta'
[2.234s] Level 1:colcon.colcon_core.package_identification:_identify(.) by extensions ['ros']
[2.235s] Level 1:colcon.colcon_core.package_identification:_identify(.) by extension 'ros'
[2.312s] Level 1:colcon.colcon_core.package_identification:_identify(.) by extensions ['cmake', 'python']
[2.312s] Level 1:colcon.colcon_core.package_identification:_identify(.) by extension 'cmake'
[2.312s] Level 1:colcon.colcon_core.package_identification:_identify(.) by extension 'python'
[2.312s] Level 1:colcon.colcon_core.package_identification:_identify(.) by extensions ['python_setup_py']
[2.312s] Level 1:colcon.colcon_core.package_identification:_identify(.) by extension 'python_setup_py'
[2.313s] Level 1:colcon.colcon_core.package_identification:_identify(build) by extensions ['ignore', 'ignore_ament_install']
[2.313s] Level 1:colcon.colcon_core.package_identification:_identify(build) by extension 'ignore'
[2.313s] Level 1:colcon.colcon_core.package_identification:_identify(build) ignored
[2.314s] Level 1:colcon.colcon_core.package_identification:_identify(install) by extensions ['ignore', 'ignore_ament_install']
[2.314s] Level 1:colcon.colcon_core.package_identification:_identify(install) by extension 'ignore'
[2.315s] Level 1:colcon.colcon_core.package_identification:_identify(install) ignored
[2.316s] Level 1:colcon.colcon_core.package_identification:_identify(launch) by extensions ['ignore', 'ignore_ament_install']
[2.317s] Level 1:colcon.colcon_core.package_identification:_identify(launch) by extension 'ignore'
[2.317s] Level 1:colcon.colcon_core.package_identification:_identify(launch) by extension 'ignore_ament_install'
[2.317s] Level 1:colcon.colcon_core.package_identification:_identify(launch) by extensions ['colcon_pkg']
[2.317s] Level 1:colcon.colcon_core.package_identification:_identify(launch) by extension 'colcon_pkg'
[2.317s] Level 1:colcon.colcon_core.package_identification:_identify(launch) by extensions ['colcon_meta']
[2.318s] Level 1:colcon.colcon_core.package_identification:_identify(launch) by extension 'colcon_meta'
[2.318s] Level 1:colcon.colcon_core.package_identification:_identify(launch) by extensions ['ros']
[2.318s] Level 1:colcon.colcon_core.package_identification:_identify(launch) by extension 'ros'
[2.318s] Level 1:colcon.colcon_core.package_identification:_identify(launch) by extensions ['cmake', 'python']
[2.318s] Level 1:colcon.colcon_core.package_identification:_identify(launch) by extension 'cmake'
[2.319s] Level 1:colcon.colcon_core.package_identification:_identify(launch) by extension 'python'
[2.319s] Level 1:colcon.colcon_core.package_identification:_identify(launch) by extensions ['python_setup_py']
[2.319s] Level 1:colcon.colcon_core.package_identification:_identify(launch) by extension 'python_setup_py'
[2.320s] Level 1:colcon.colcon_core.package_identification:_identify(launch/__pycache__) by extensions ['ignore', 'ignore_ament_install']
[2.320s] Level 1:colcon.colcon_core.package_identification:_identify(launch/__pycache__) by extension 'ignore'
[2.320s] Level 1:colcon.colcon_core.package_identification:_identify(launch/__pycache__) by extension 'ignore_ament_install'
[2.321s] Level 1:colcon.colcon_core.package_identification:_identify(launch/__pycache__) by extensions ['colcon_pkg']
[2.321s] Level 1:colcon.colcon_core.package_identification:_identify(launch/__pycache__) by extension 'colcon_pkg'
[2.321s] Level 1:colcon.colcon_core.package_identification:_identify(launch/__pycache__) by extensions ['colcon_meta']
[2.321s] Level 1:colcon.colcon_core.package_identification:_identify(launch/__pycache__) by extension 'colcon_meta'
[2.321s] Level 1:colcon.colcon_core.package_identification:_identify(launch/__pycache__) by extensions ['ros']
[2.321s] Level 1:colcon.colcon_core.package_identification:_identify(launch/__pycache__) by extension 'ros'
[2.322s] Level 1:colcon.colcon_core.package_identification:_identify(launch/__pycache__) by extensions ['cmake', 'python']
[2.322s] Level 1:colcon.colcon_core.package_identification:_identify(launch/__pycache__) by extension 'cmake'
[2.322s] Level 1:colcon.colcon_core.package_identification:_identify(launch/__pycache__) by extension 'python'
[2.322s] Level 1:colcon.colcon_core.package_identification:_identify(launch/__pycache__) by extensions ['python_setup_py']
[2.322s] Level 1:colcon.colcon_core.package_identification:_identify(launch/__pycache__) by extension 'python_setup_py'
[2.323s] Level 1:colcon.colcon_core.package_identification:_identify(log) by extensions ['ignore', 'ignore_ament_install']
[2.323s] Level 1:colcon.colcon_core.package_identification:_identify(log) by extension 'ignore'
[2.323s] Level 1:colcon.colcon_core.package_identification:_identify(log) ignored
[2.324s] Level 1:colcon.colcon_core.package_identification:_identify(src) by extensions ['ignore', 'ignore_ament_install']
[2.325s] Level 1:colcon.colcon_core.package_identification:_identify(src) by extension 'ignore'
[2.325s] Level 1:colcon.colcon_core.package_identification:_identify(src) by extension 'ignore_ament_install'
[2.325s] Level 1:colcon.colcon_core.package_identification:_identify(src) by extensions ['colcon_pkg']
[2.325s] Level 1:colcon.colcon_core.package_identification:_identify(src) by extension 'colcon_pkg'
[2.325s] Level 1:colcon.colcon_core.package_identification:_identify(src) by extensions ['colcon_meta']
[2.325s] Level 1:colcon.colcon_core.package_identification:_identify(src) by extension 'colcon_meta'
[2.326s] Level 1:colcon.colcon_core.package_identification:_identify(src) by extensions ['ros']
[2.326s] Level 1:colcon.colcon_core.package_identification:_identify(src) by extension 'ros'
[2.326s] Level 1:colcon.colcon_core.package_identification:_identify(src) by extensions ['cmake', 'python']
[2.326s] Level 1:colcon.colcon_core.package_identification:_identify(src) by extension 'cmake'
[2.327s] Level 1:colcon.colcon_core.package_identification:_identify(src) by extension 'python'
[2.327s] Level 1:colcon.colcon_core.package_identification:_identify(src) by extensions ['python_setup_py']
[2.327s] Level 1:colcon.colcon_core.package_identification:_identify(src) by extension 'python_setup_py'
[2.328s] Level 1:colcon.colcon_core.package_identification:_identify(src/image_publisher) by extensions ['ignore', 'ignore_ament_install']
[2.328s] Level 1:colcon.colcon_core.package_identification:_identify(src/image_publisher) by extension 'ignore'
[2.328s] Level 1:colcon.colcon_core.package_identification:_identify(src/image_publisher) by extension 'ignore_ament_install'
[2.329s] Level 1:colcon.colcon_core.package_identification:_identify(src/image_publisher) by extensions ['colcon_pkg']
[2.329s] Level 1:colcon.colcon_core.package_identification:_identify(src/image_publisher) by extension 'colcon_pkg'
[2.329s] Level 1:colcon.colcon_core.package_identification:_identify(src/image_publisher) by extensions ['colcon_meta']
[2.329s] Level 1:colcon.colcon_core.package_identification:_identify(src/image_publisher) by extension 'colcon_meta'
[2.329s] Level 1:colcon.colcon_core.package_identification:_identify(src/image_publisher) by extensions ['ros']
[2.329s] Level 1:colcon.colcon_core.package_identification:_identify(src/image_publisher) by extension 'ros'
[2.341s] DEBUG:colcon.colcon_core.package_identification:Package 'src/image_publisher' with type 'ros.ament_python' and name 'image_publisher'
[2.342s] Level 1:colcon.colcon_core.package_identification:_identify(src/new_bringup) by extensions ['ignore', 'ignore_ament_install']
[2.343s] Level 1:colcon.colcon_core.package_identification:_identify(src/new_bringup) by extension 'ignore'
[2.343s] Level 1:colcon.colcon_core.package_identification:_identify(src/new_bringup) by extension 'ignore_ament_install'
[2.343s] Level 1:colcon.colcon_core.package_identification:_identify(src/new_bringup) by extensions ['colcon_pkg']
[2.343s] Level 1:colcon.colcon_core.package_identification:_identify(src/new_bringup) by extension 'colcon_pkg'
[2.344s] Level 1:colcon.colcon_core.package_identification:_identify(src/new_bringup) by extensions ['colcon_meta']
[2.344s] Level 1:colcon.colcon_core.package_identification:_identify(src/new_bringup) by extension 'colcon_meta'
[2.344s] Level 1:colcon.colcon_core.package_identification:_identify(src/new_bringup) by extensions ['ros']
[2.344s] Level 1:colcon.colcon_core.package_identification:_identify(src/new_bringup) by extension 'ros'
[2.347s] DEBUG:colcon.colcon_core.package_identification:Package 'src/new_bringup' with type 'ros.ament_python' and name 'new_bringup'
[2.347s] Level 1:colcon.colcon_core.package_discovery:discover_packages(recursive) using defaults
[2.348s] Level 1:colcon.colcon_core.package_discovery:discover_packages(ignore) discover
[2.348s] Level 1:colcon.colcon_core.package_discovery:discover_packages(ignore) using defaults
[2.348s] Level 1:colcon.colcon_core.package_discovery:discover_packages(path) discover
[2.348s] Level 1:colcon.colcon_core.package_discovery:discover_packages(path) using defaults
[2.481s] Level 1:colcon.colcon_core.package_discovery:discover_packages(prefix_path) check parameters
[2.481s] Level 1:colcon.colcon_core.package_discovery:discover_packages(prefix_path) discover
[2.499s] DEBUG:colcon.colcon_installed_package_information.package_discovery:Found 1 installed packages in /home/grupo4/turtlebot3_ws/install
[2.510s] DEBUG:colcon.colcon_installed_package_information.package_discovery:Found 336 installed packages in /opt/ros/humble
[2.553s] Level 1:colcon.colcon_core.package_discovery:discover_packages(prefix_path) using defaults
[2.757s] Level 5:colcon.colcon_core.verb:set package 'image_publisher' build argument 'cmake_args' from command line to 'None'
[2.757s] Level 5:colcon.colcon_core.verb:set package 'image_publisher' build argument 'cmake_target' from command line to 'None'
[2.757s] Level 5:colcon.colcon_core.verb:set package 'image_publisher' build argument 'cmake_target_skip_unavailable' from command line to 'False'
[2.757s] Level 5:colcon.colcon_core.verb:set package 'image_publisher' build argument 'cmake_clean_cache' from command line to 'False'
[2.758s] Level 5:colcon.colcon_core.verb:set package 'image_publisher' build argument 'cmake_clean_first' from command line to 'False'
[2.758s] Level 5:colcon.colcon_core.verb:set package 'image_publisher' build argument 'cmake_force_configure' from command line to 'False'
[2.758s] Level 5:colcon.colcon_core.verb:set package 'image_publisher' build argument 'ament_cmake_args' from command line to 'None'
[2.758s] Level 5:colcon.colcon_core.verb:set package 'image_publisher' build argument 'catkin_cmake_args' from command line to 'None'
[2.758s] Level 5:colcon.colcon_core.verb:set package 'image_publisher' build argument 'catkin_skip_building_tests' from command line to 'False'
[2.758s] DEBUG:colcon.colcon_core.verb:Building package 'image_publisher' with the following arguments: {'ament_cmake_args': None, 'build_base': '/home/grupo4/main_ws/build/image_publisher', 'catkin_cmake_args': None, 'catkin_skip_building_tests': False, 'cmake_args': None, 'cmake_clean_cache': False, 'cmake_clean_first': False, 'cmake_force_configure': False, 'cmake_target': None, 'cmake_target_skip_unavailable': False, 'install_base': '/home/grupo4/main_ws/install/image_publisher', 'merge_install': False, 'path': '/home/grupo4/main_ws/src/image_publisher', 'symlink_install': False, 'test_result_base': None}
[2.760s] Level 5:colcon.colcon_core.verb:set package 'new_bringup' build argument 'cmake_args' from command line to 'None'
[2.760s] Level 5:colcon.colcon_core.verb:set package 'new_bringup' build argument 'cmake_target' from command line to 'None'
[2.760s] Level 5:colcon.colcon_core.verb:set package 'new_bringup' build argument 'cmake_target_skip_unavailable' from command line to 'False'
[2.760s] Level 5:colcon.colcon_core.verb:set package 'new_bringup' build argument 'cmake_clean_cache' from command line to 'False'
[2.760s] Level 5:colcon.colcon_core.verb:set package 'new_bringup' build argument 'cmake_clean_first' from command line to 'False'
[2.760s] Level 5:colcon.colcon_core.verb:set package 'new_bringup' build argument 'cmake_force_configure' from command line to 'False'
[2.760s] Level 5:colcon.colcon_core.verb:set package 'new_bringup' build argument 'ament_cmake_args' from command line to 'None'
[2.760s] Level 5:colcon.colcon_core.verb:set package 'new_bringup' build argument 'catkin_cmake_args' from command line to 'None'
[2.760s] Level 5:colcon.colcon_core.verb:set package 'new_bringup' build argument 'catkin_skip_building_tests' from command line to 'False'
[2.761s] DEBUG:colcon.colcon_core.verb:Building package 'new_bringup' with the following arguments: {'ament_cmake_args': None, 'build_base': '/home/grupo4/main_ws/build/new_bringup', 'catkin_cmake_args': None, 'catkin_skip_building_tests': False, 'cmake_args': None, 'cmake_clean_cache': False, 'cmake_clean_first': False, 'cmake_force_configure': False, 'cmake_target': None, 'cmake_target_skip_unavailable': False, 'install_base': '/home/grupo4/main_ws/install/new_bringup', 'merge_install': False, 'path': '/home/grupo4/main_ws/src/new_bringup', 'symlink_install': False, 'test_result_base': None}
[2.761s] INFO:colcon.colcon_core.executor:Executing jobs using 'parallel' executor
[2.764s] DEBUG:colcon.colcon_parallel_executor.executor.parallel:run_until_complete
[2.765s] INFO:colcon.colcon_ros.task.ament_python.build:Building ROS package in '/home/grupo4/main_ws/src/image_publisher' with build type 'ament_python'
[2.766s] Level 1:colcon.colcon_core.shell:create_environment_hook('image_publisher', 'ament_prefix_path')
[2.784s] INFO:colcon.colcon_core.plugin_system:Skipping extension 'colcon_core.shell.bat': Not used on non-Windows systems
[2.785s] INFO:colcon.colcon_core.shell:Creating environment hook '/home/grupo4/main_ws/install/image_publisher/share/image_publisher/hook/ament_prefix_path.ps1'
[2.791s] INFO:colcon.colcon_core.shell:Creating environment descriptor '/home/grupo4/main_ws/install/image_publisher/share/image_publisher/hook/ament_prefix_path.dsv'
[2.793s] INFO:colcon.colcon_core.shell:Creating environment hook '/home/grupo4/main_ws/install/image_publisher/share/image_publisher/hook/ament_prefix_path.sh'
[2.797s] INFO:colcon.colcon_core.shell:Skip shell extension 'powershell' for command environment: Not usable outside of PowerShell
[2.798s] DEBUG:colcon.colcon_core.shell:Skip shell extension 'dsv' for command environment
[2.819s] INFO:colcon.colcon_ros.task.ament_python.build:Building ROS package in '/home/grupo4/main_ws/src/new_bringup' with build type 'ament_python'
[2.820s] Level 1:colcon.colcon_core.shell:create_environment_hook('new_bringup', 'ament_prefix_path')
[2.821s] INFO:colcon.colcon_core.shell:Creating environment hook '/home/grupo4/main_ws/install/new_bringup/share/new_bringup/hook/ament_prefix_path.ps1'
[2.825s] INFO:colcon.colcon_core.shell:Creating environment descriptor '/home/grupo4/main_ws/install/new_bringup/share/new_bringup/hook/ament_prefix_path.dsv'
[2.827s] INFO:colcon.colcon_core.shell:Creating environment hook '/home/grupo4/main_ws/install/new_bringup/share/new_bringup/hook/ament_prefix_path.sh'
[2.831s] INFO:colcon.colcon_core.shell:Skip shell extension 'powershell' for command environment: Not usable outside of PowerShell
[2.831s] DEBUG:colcon.colcon_core.shell:Skip shell extension 'dsv' for command environment
[4.012s] INFO:colcon.colcon_core.task.python.build:Building Python package in '/home/grupo4/main_ws/src/image_publisher'
[4.013s] INFO:colcon.colcon_core.shell:Skip shell extension 'powershell' for command environment: Not usable outside of PowerShell
[4.013s] DEBUG:colcon.colcon_core.shell:Skip shell extension 'dsv' for command environment
[5.185s] INFO:colcon.colcon_core.task.python.build:Building Python package in '/home/grupo4/main_ws/src/new_bringup'
[5.187s] INFO:colcon.colcon_core.shell:Skip shell extension 'powershell' for command environment: Not usable outside of PowerShell
[5.187s] DEBUG:colcon.colcon_core.shell:Skip shell extension 'dsv' for command environment
[8.175s] DEBUG:colcon.colcon_core.event_handler.log_command:Invoking command in '/home/grupo4/main_ws/src/new_bringup': PYTHONPATH=/home/grupo4/main_ws/build/new_bringup/prefix_override:/home/grupo4/main_ws/install/new_bringup/lib/python3.10/site-packages:${PYTHONPATH} /usr/bin/python3 -W ignore:setup.py install is deprecated setup.py egg_info --egg-base ../../build/new_bringup build --build-base /home/grupo4/main_ws/build/new_bringup/build install --record /home/grupo4/main_ws/build/new_bringup/install.log --single-version-externally-managed install_data
[8.205s] DEBUG:colcon.colcon_core.event_handler.log_command:Invoking command in '/home/grupo4/main_ws/src/image_publisher': PYTHONPATH=/home/grupo4/main_ws/build/image_publisher/prefix_override:/home/grupo4/main_ws/install/image_publisher/lib/python3.10/site-packages:${PYTHONPATH} /usr/bin/python3 -W ignore:setup.py install is deprecated setup.py egg_info --egg-base ../../build/image_publisher build --build-base /home/grupo4/main_ws/build/image_publisher/build install --record /home/grupo4/main_ws/build/image_publisher/install.log --single-version-externally-managed install_data
[9.804s] DEBUG:colcon.colcon_core.event_handler.log_command:Invoked command in '/home/grupo4/main_ws/src/new_bringup' returned '0': PYTHONPATH=/home/grupo4/main_ws/build/new_bringup/prefix_override:/home/grupo4/main_ws/install/new_bringup/lib/python3.10/site-packages:${PYTHONPATH} /usr/bin/python3 -W ignore:setup.py install is deprecated setup.py egg_info --egg-base ../../build/new_bringup build --build-base /home/grupo4/main_ws/build/new_bringup/build install --record /home/grupo4/main_ws/build/new_bringup/install.log --single-version-externally-managed install_data
[9.826s] Level 1:colcon.colcon_core.environment:checking '/home/grupo4/main_ws/install/new_bringup' for CMake module files
[9.829s] Level 1:colcon.colcon_core.environment:checking '/home/grupo4/main_ws/install/new_bringup' for CMake config files
[9.835s] Level 1:colcon.colcon_core.environment:checking '/home/grupo4/main_ws/install/new_bringup/lib'
[9.836s] Level 1:colcon.colcon_core.environment:checking '/home/grupo4/main_ws/install/new_bringup/bin'
[9.836s] Level 1:colcon.colcon_core.environment:checking '/home/grupo4/main_ws/install/new_bringup/lib/pkgconfig/new_bringup.pc'
[9.837s] Level 1:colcon.colcon_core.environment:checking '/home/grupo4/main_ws/install/new_bringup/lib/python3.10/site-packages'
[9.838s] Level 1:colcon.colcon_core.shell:create_environment_hook('new_bringup', 'pythonpath')
[9.839s] INFO:colcon.colcon_core.shell:Creating environment hook '/home/grupo4/main_ws/install/new_bringup/share/new_bringup/hook/pythonpath.ps1'
[9.841s] INFO:colcon.colcon_core.shell:Creating environment descriptor '/home/grupo4/main_ws/install/new_bringup/share/new_bringup/hook/pythonpath.dsv'
[9.842s] INFO:colcon.colcon_core.shell:Creating environment hook '/home/grupo4/main_ws/install/new_bringup/share/new_bringup/hook/pythonpath.sh'
[9.845s] Level 1:colcon.colcon_core.environment:checking '/home/grupo4/main_ws/install/new_bringup/bin'
[9.845s] Level 1:colcon.colcon_core.environment:create_environment_scripts_only(new_bringup)
[9.847s] INFO:colcon.colcon_core.shell:Creating package script '/home/grupo4/main_ws/install/new_bringup/share/new_bringup/package.ps1'
[9.851s] INFO:colcon.colcon_core.shell:Creating package descriptor '/home/grupo4/main_ws/install/new_bringup/share/new_bringup/package.dsv'
[9.854s] INFO:colcon.colcon_core.shell:Creating package script '/home/grupo4/main_ws/install/new_bringup/share/new_bringup/package.sh'
[9.857s] INFO:colcon.colcon_core.shell:Creating package script '/home/grupo4/main_ws/install/new_bringup/share/new_bringup/package.bash'
[9.861s] INFO:colcon.colcon_core.shell:Creating package script '/home/grupo4/main_ws/install/new_bringup/share/new_bringup/package.zsh'
[9.865s] Level 1:colcon.colcon_core.environment:create_file_with_runtime_dependencies(/home/grupo4/main_ws/install/new_bringup/share/colcon-core/packages/new_bringup)
[9.869s] Level 1:colcon.colcon_core.environment:checking '/home/grupo4/main_ws/install/image_publisher' for CMake module files
[9.872s] DEBUG:colcon.colcon_core.event_handler.log_command:Invoked command in '/home/grupo4/main_ws/src/image_publisher' returned '0': PYTHONPATH=/home/grupo4/main_ws/build/image_publisher/prefix_override:/home/grupo4/main_ws/install/image_publisher/lib/python3.10/site-packages:${PYTHONPATH} /usr/bin/python3 -W ignore:setup.py install is deprecated setup.py egg_info --egg-base ../../build/image_publisher build --build-base /home/grupo4/main_ws/build/image_publisher/build install --record /home/grupo4/main_ws/build/image_publisher/install.log --single-version-externally-managed install_data
[9.874s] Level 1:colcon.colcon_core.environment:checking '/home/grupo4/main_ws/install/image_publisher' for CMake config files
[9.878s] Level 1:colcon.colcon_core.environment:checking '/home/grupo4/main_ws/install/image_publisher/lib'
[9.878s] Level 1:colcon.colcon_core.environment:checking '/home/grupo4/main_ws/install/image_publisher/bin'
[9.879s] Level 1:colcon.colcon_core.environment:checking '/home/grupo4/main_ws/install/image_publisher/lib/pkgconfig/image_publisher.pc'
[9.880s] Level 1:colcon.colcon_core.environment:checking '/home/grupo4/main_ws/install/image_publisher/lib/python3.10/site-packages'
[9.880s] Level 1:colcon.colcon_core.shell:create_environment_hook('image_publisher', 'pythonpath')
[9.881s] INFO:colcon.colcon_core.shell:Creating environment hook '/home/grupo4/main_ws/install/image_publisher/share/image_publisher/hook/pythonpath.ps1'
[9.883s] INFO:colcon.colcon_core.shell:Creating environment descriptor '/home/grupo4/main_ws/install/image_publisher/share/image_publisher/hook/pythonpath.dsv'
[9.884s] INFO:colcon.colcon_core.shell:Creating environment hook '/home/grupo4/main_ws/install/image_publisher/share/image_publisher/hook/pythonpath.sh'
[9.887s] Level 1:colcon.colcon_core.environment:checking '/home/grupo4/main_ws/install/image_publisher/bin'
[9.887s] Level 1:colcon.colcon_core.environment:create_environment_scripts_only(image_publisher)
[9.889s] INFO:colcon.colcon_core.shell:Creating package script '/home/grupo4/main_ws/install/image_publisher/share/image_publisher/package.ps1'
[9.891s] INFO:colcon.colcon_core.shell:Creating package descriptor '/home/grupo4/main_ws/install/image_publisher/share/image_publisher/package.dsv'
[9.893s] INFO:colcon.colcon_core.shell:Creating package script '/home/grupo4/main_ws/install/image_publisher/share/image_publisher/package.sh'
[9.895s] INFO:colcon.colcon_core.shell:Creating package script '/home/grupo4/main_ws/install/image_publisher/share/image_publisher/package.bash'
[9.897s] INFO:colcon.colcon_core.shell:Creating package script '/home/grupo4/main_ws/install/image_publisher/share/image_publisher/package.zsh'
[9.898s] Level 1:colcon.colcon_core.environment:create_file_with_runtime_dependencies(/home/grupo4/main_ws/install/image_publisher/share/colcon-core/packages/image_publisher)
[9.899s] DEBUG:colcon.colcon_parallel_executor.executor.parallel:closing loop
[9.901s] DEBUG:colcon.colcon_parallel_executor.executor.parallel:loop closed
[9.901s] DEBUG:colcon.colcon_parallel_executor.executor.parallel:run_until_complete finished with '0'
[9.901s] DEBUG:colcon.colcon_core.event_reactor:joining thread
[9.936s] INFO:colcon.colcon_core.plugin_system:Skipping extension 'colcon_notification.desktop_notification.terminal_notifier': Not used on non-Darwin systems
[9.936s] INFO:colcon.colcon_core.plugin_system:Skipping extension 'colcon_notification.desktop_notification.win32': Not used on non-Windows systems
[9.936s] INFO:colcon.colcon_notification.desktop_notification:Sending desktop notification using 'notify2'
[9.943s] DEBUG:colcon.colcon_notification.desktop_notification.notify2:Failed to initialize notify2: org.freedesktop.DBus.Error.ServiceUnknown: The name org.freedesktop.Notifications was not provided by any .service files
[9.943s] DEBUG:colcon.colcon_core.event_reactor:joined thread
[9.944s] INFO:colcon.colcon_core.shell:Creating prefix script '/home/grupo4/main_ws/install/local_setup.ps1'
[9.949s] INFO:colcon.colcon_core.shell:Creating prefix util module '/home/grupo4/main_ws/install/_local_setup_util_ps1.py'
[9.956s] INFO:colcon.colcon_core.shell:Creating prefix chain script '/home/grupo4/main_ws/install/setup.ps1'
[9.961s] INFO:colcon.colcon_core.shell:Creating prefix script '/home/grupo4/main_ws/install/local_setup.sh'
[9.967s] INFO:colcon.colcon_core.shell:Creating prefix util module '/home/grupo4/main_ws/install/_local_setup_util_sh.py'
[9.969s] INFO:colcon.colcon_core.shell:Creating prefix chain script '/home/grupo4/main_ws/install/setup.sh'
[9.974s] INFO:colcon.colcon_core.shell:Creating prefix script '/home/grupo4/main_ws/install/local_setup.bash'
[9.977s] INFO:colcon.colcon_core.shell:Creating prefix chain script '/home/grupo4/main_ws/install/setup.bash'
[9.983s] INFO:colcon.colcon_core.shell:Creating prefix script '/home/grupo4/main_ws/install/local_setup.zsh'
[9.986s] INFO:colcon.colcon_core.shell:Creating prefix chain script '/home/grupo4/main_ws/install/setup.zsh'
