running egg_info
writing build/image_publisher/image_publisher.egg-info/PKG-INFO
writing dependency_links to build/image_publisher/image_publisher.egg-info/dependency_links.txt
writing entry points to build/image_publisher/image_publisher.egg-info/entry_points.txt
writing requirements to build/image_publisher/image_publisher.egg-info/requires.txt
writing top-level names to build/image_publisher/image_publisher.egg-info/top_level.txt
reading manifest file 'build/image_publisher/image_publisher.egg-info/SOURCES.txt'
writing manifest file 'build/image_publisher/image_publisher.egg-info/SOURCES.txt'
running build
running build_py
copying image_publisher/publisher.py -> /home/grupo4/visor_robo/src/image_publisher/build/image_publisher/build/lib/image_publisher
running install
running install_lib
copying /home/grupo4/visor_robo/src/image_publisher/build/image_publisher/build/lib/image_publisher/publisher.py -> /home/grupo4/visor_robo/src/image_publisher/install/image_publisher/lib/python3.10/site-packages/image_publisher
byte-compiling /home/grupo4/visor_robo/src/image_publisher/install/image_publisher/lib/python3.10/site-packages/image_publisher/publisher.py to publisher.cpython-310.pyc
running install_data
running install_egg_info
removing '/home/grupo4/visor_robo/src/image_publisher/install/image_publisher/lib/python3.10/site-packages/image_publisher-0.0.0-py3.10.egg-info' (and everything under it)
Copying build/image_publisher/image_publisher.egg-info to /home/grupo4/visor_robo/src/image_publisher/install/image_publisher/lib/python3.10/site-packages/image_publisher-0.0.0-py3.10.egg-info
running install_scripts
Installing publisher script to /home/grupo4/visor_robo/src/image_publisher/install/image_publisher/lib/image_publisher
writing list of installed files to '/home/grupo4/visor_robo/src/image_publisher/build/image_publisher/install.log'
