[0.437s] DEBUG:colcon:Command line arguments: ['/usr/bin/colcon', 'build', '--packages-select', 'image_publisher']
[0.437s] DEBUG:colcon:Parsed command line arguments: Namespace(log_base=None, log_level=None, verb_name='build', build_base='build', install_base='install', merge_install=False, symlink_install=False, test_result_base=None, continue_on_error=False, executor='parallel', parallel_workers=4, event_handlers=None, ignore_user_meta=False, metas=['./colcon.meta'], base_paths=['.'], packages_ignore=None, packages_ignore_regex=None, paths=None, packages_up_to=None, packages_up_to_regex=None, packages_above=None, packages_above_and_dependencies=None, packages_above_depth=None, packages_select_by_dep=None, packages_skip_by_dep=None, packages_skip_up_to=None, packages_select_build_failed=False, packages_skip_build_finished=False, packages_select_test_failures=False, packages_skip_test_passed=False, packages_select=['image_publisher'], packages_skip=None, packages_select_regex=None, packages_skip_regex=None, packages_start=None, packages_end=None, allow_overriding=[], cmake_args=None, cmake_target=None, cmake_target_skip_unavailable=False, cmake_clean_cache=False, cmake_clean_first=False, cmake_force_configure=False, ament_cmake_args=None, catkin_cmake_args=None, catkin_skip_building_tests=False, verb_parser=<colcon_defaults.argument_parser.defaults.DefaultArgumentsDecorator object at 0xffffa3dd4be0>, verb_extension=<colcon_core.verb.build.BuildVerb object at 0xffffa3efd7e0>, main=<bound method BuildVerb.main of <colcon_core.verb.build.BuildVerb object at 0xffffa3efd7e0>>)
[1.339s] Level 1:colcon.colcon_core.package_discovery:discover_packages(colcon_meta) check parameters
[1.339s] Level 1:colcon.colcon_core.package_discovery:discover_packages(recursive) check parameters
[1.339s] Level 1:colcon.colcon_core.package_discovery:discover_packages(ignore) check parameters
[1.339s] Level 1:colcon.colcon_core.package_discovery:discover_packages(path) check parameters
[1.340s] Level 1:colcon.colcon_core.package_discovery:discover_packages(colcon_meta) discover
[1.340s] Level 1:colcon.colcon_core.package_discovery:discover_packages(recursive) discover
[1.340s] INFO:colcon.colcon_core.package_discovery:Crawling recursively for packages in '/home/grupo4/visor_robo/src/image_publisher'
[1.340s] Level 1:colcon.colcon_core.package_identification:_identify(.) by extensions ['ignore', 'ignore_ament_install']
[1.341s] Level 1:colcon.colcon_core.package_identification:_identify(.) by extension 'ignore'
[1.341s] Level 1:colcon.colcon_core.package_identification:_identify(.) by extension 'ignore_ament_install'
[1.341s] Level 1:colcon.colcon_core.package_identification:_identify(.) by extensions ['colcon_pkg']
[1.341s] Level 1:colcon.colcon_core.package_identification:_identify(.) by extension 'colcon_pkg'
[1.341s] Level 1:colcon.colcon_core.package_identification:_identify(.) by extensions ['colcon_meta']
[1.342s] Level 1:colcon.colcon_core.package_identification:_identify(.) by extension 'colcon_meta'
[1.342s] Level 1:colcon.colcon_core.package_identification:_identify(.) by extensions ['ros']
[1.342s] Level 1:colcon.colcon_core.package_identification:_identify(.) by extension 'ros'
[1.395s] DEBUG:colcon.colcon_core.package_identification:Package '.' with type 'ros.ament_python' and name 'image_publisher'
[1.396s] Level 1:colcon.colcon_core.package_discovery:discover_packages(recursive) using defaults
[1.396s] Level 1:colcon.colcon_core.package_discovery:discover_packages(ignore) discover
[1.396s] Level 1:colcon.colcon_core.package_discovery:discover_packages(ignore) using defaults
[1.396s] Level 1:colcon.colcon_core.package_discovery:discover_packages(path) discover
[1.396s] Level 1:colcon.colcon_core.package_discovery:discover_packages(path) using defaults
[1.470s] Level 1:colcon.colcon_core.package_discovery:discover_packages(prefix_path) check parameters
[1.471s] Level 1:colcon.colcon_core.package_discovery:discover_packages(prefix_path) discover
[1.479s] DEBUG:colcon.colcon_installed_package_information.package_discovery:Found 1 installed packages in /home/grupo4/visor_robo/src/image_publisher/install
[1.481s] DEBUG:colcon.colcon_installed_package_information.package_discovery:Found 1 installed packages in /home/grupo4/turtlebot3_ws/install
[1.491s] DEBUG:colcon.colcon_installed_package_information.package_discovery:Found 336 installed packages in /opt/ros/humble
[1.538s] Level 1:colcon.colcon_core.package_discovery:discover_packages(prefix_path) using defaults
[1.728s] Level 5:colcon.colcon_core.verb:set package 'image_publisher' build argument 'cmake_args' from command line to 'None'
[1.728s] Level 5:colcon.colcon_core.verb:set package 'image_publisher' build argument 'cmake_target' from command line to 'None'
[1.728s] Level 5:colcon.colcon_core.verb:set package 'image_publisher' build argument 'cmake_target_skip_unavailable' from command line to 'False'
[1.729s] Level 5:colcon.colcon_core.verb:set package 'image_publisher' build argument 'cmake_clean_cache' from command line to 'False'
[1.729s] Level 5:colcon.colcon_core.verb:set package 'image_publisher' build argument 'cmake_clean_first' from command line to 'False'
[1.729s] Level 5:colcon.colcon_core.verb:set package 'image_publisher' build argument 'cmake_force_configure' from command line to 'False'
[1.729s] Level 5:colcon.colcon_core.verb:set package 'image_publisher' build argument 'ament_cmake_args' from command line to 'None'
[1.729s] Level 5:colcon.colcon_core.verb:set package 'image_publisher' build argument 'catkin_cmake_args' from command line to 'None'
[1.729s] Level 5:colcon.colcon_core.verb:set package 'image_publisher' build argument 'catkin_skip_building_tests' from command line to 'False'
[1.729s] DEBUG:colcon.colcon_core.verb:Building package 'image_publisher' with the following arguments: {'ament_cmake_args': None, 'build_base': '/home/grupo4/visor_robo/src/image_publisher/build/image_publisher', 'catkin_cmake_args': None, 'catkin_skip_building_tests': False, 'cmake_args': None, 'cmake_clean_cache': False, 'cmake_clean_first': False, 'cmake_force_configure': False, 'cmake_target': None, 'cmake_target_skip_unavailable': False, 'install_base': '/home/grupo4/visor_robo/src/image_publisher/install/image_publisher', 'merge_install': False, 'path': '/home/grupo4/visor_robo/src/image_publisher', 'symlink_install': False, 'test_result_base': None}
[1.730s] INFO:colcon.colcon_core.executor:Executing jobs using 'parallel' executor
[1.733s] DEBUG:colcon.colcon_parallel_executor.executor.parallel:run_until_complete
[1.734s] INFO:colcon.colcon_ros.task.ament_python.build:Building ROS package in '/home/grupo4/visor_robo/src/image_publisher' with build type 'ament_python'
[1.734s] Level 1:colcon.colcon_core.shell:create_environment_hook('image_publisher', 'ament_prefix_path')
[1.743s] INFO:colcon.colcon_core.plugin_system:Skipping extension 'colcon_core.shell.bat': Not used on non-Windows systems
[1.744s] INFO:colcon.colcon_core.shell:Creating environment hook '/home/grupo4/visor_robo/src/image_publisher/install/image_publisher/share/image_publisher/hook/ament_prefix_path.ps1'
[1.747s] INFO:colcon.colcon_core.shell:Creating environment descriptor '/home/grupo4/visor_robo/src/image_publisher/install/image_publisher/share/image_publisher/hook/ament_prefix_path.dsv'
[1.749s] INFO:colcon.colcon_core.shell:Creating environment hook '/home/grupo4/visor_robo/src/image_publisher/install/image_publisher/share/image_publisher/hook/ament_prefix_path.sh'
[1.752s] INFO:colcon.colcon_core.shell:Skip shell extension 'powershell' for command environment: Not usable outside of PowerShell
[1.753s] DEBUG:colcon.colcon_core.shell:Skip shell extension 'dsv' for command environment
[2.948s] INFO:colcon.colcon_core.task.python.build:Building Python package in '/home/grupo4/visor_robo/src/image_publisher'
[2.949s] INFO:colcon.colcon_core.shell:Skip shell extension 'powershell' for command environment: Not usable outside of PowerShell
[2.949s] DEBUG:colcon.colcon_core.shell:Skip shell extension 'dsv' for command environment
[4.911s] DEBUG:colcon.colcon_core.event_handler.log_command:Invoking command in '/home/grupo4/visor_robo/src/image_publisher': PYTHONPATH=/home/grupo4/visor_robo/src/image_publisher/build/image_publisher/prefix_override:/home/grupo4/visor_robo/src/image_publisher/install/image_publisher/lib/python3.10/site-packages:${PYTHONPATH} /usr/bin/python3 -W ignore:setup.py install is deprecated setup.py egg_info --egg-base build/image_publisher build --build-base /home/grupo4/visor_robo/src/image_publisher/build/image_publisher/build install --record /home/grupo4/visor_robo/src/image_publisher/build/image_publisher/install.log --single-version-externally-managed install_data
[6.226s] DEBUG:colcon.colcon_core.event_handler.log_command:Invoked command in '/home/grupo4/visor_robo/src/image_publisher' returned '0': PYTHONPATH=/home/grupo4/visor_robo/src/image_publisher/build/image_publisher/prefix_override:/home/grupo4/visor_robo/src/image_publisher/install/image_publisher/lib/python3.10/site-packages:${PYTHONPATH} /usr/bin/python3 -W ignore:setup.py install is deprecated setup.py egg_info --egg-base build/image_publisher build --build-base /home/grupo4/visor_robo/src/image_publisher/build/image_publisher/build install --record /home/grupo4/visor_robo/src/image_publisher/build/image_publisher/install.log --single-version-externally-managed install_data
[6.237s] Level 1:colcon.colcon_core.environment:checking '/home/grupo4/visor_robo/src/image_publisher/install/image_publisher' for CMake module files
[6.240s] Level 1:colcon.colcon_core.environment:checking '/home/grupo4/visor_robo/src/image_publisher/install/image_publisher' for CMake config files
[6.244s] Level 1:colcon.colcon_core.environment:checking '/home/grupo4/visor_robo/src/image_publisher/install/image_publisher/lib'
[6.245s] Level 1:colcon.colcon_core.environment:checking '/home/grupo4/visor_robo/src/image_publisher/install/image_publisher/bin'
[6.246s] Level 1:colcon.colcon_core.environment:checking '/home/grupo4/visor_robo/src/image_publisher/install/image_publisher/lib/pkgconfig/image_publisher.pc'
[6.247s] Level 1:colcon.colcon_core.environment:checking '/home/grupo4/visor_robo/src/image_publisher/install/image_publisher/lib/python3.10/site-packages'
[6.247s] Level 1:colcon.colcon_core.shell:create_environment_hook('image_publisher', 'pythonpath')
[6.248s] INFO:colcon.colcon_core.shell:Creating environment hook '/home/grupo4/visor_robo/src/image_publisher/install/image_publisher/share/image_publisher/hook/pythonpath.ps1'
[6.250s] INFO:colcon.colcon_core.shell:Creating environment descriptor '/home/grupo4/visor_robo/src/image_publisher/install/image_publisher/share/image_publisher/hook/pythonpath.dsv'
[6.251s] INFO:colcon.colcon_core.shell:Creating environment hook '/home/grupo4/visor_robo/src/image_publisher/install/image_publisher/share/image_publisher/hook/pythonpath.sh'
[6.254s] Level 1:colcon.colcon_core.environment:checking '/home/grupo4/visor_robo/src/image_publisher/install/image_publisher/bin'
[6.254s] Level 1:colcon.colcon_core.environment:create_environment_scripts_only(image_publisher)
[6.255s] INFO:colcon.colcon_core.shell:Creating package script '/home/grupo4/visor_robo/src/image_publisher/install/image_publisher/share/image_publisher/package.ps1'
[6.258s] INFO:colcon.colcon_core.shell:Creating package descriptor '/home/grupo4/visor_robo/src/image_publisher/install/image_publisher/share/image_publisher/package.dsv'
[6.261s] INFO:colcon.colcon_core.shell:Creating package script '/home/grupo4/visor_robo/src/image_publisher/install/image_publisher/share/image_publisher/package.sh'
[6.265s] INFO:colcon.colcon_core.shell:Creating package script '/home/grupo4/visor_robo/src/image_publisher/install/image_publisher/share/image_publisher/package.bash'
[6.268s] INFO:colcon.colcon_core.shell:Creating package script '/home/grupo4/visor_robo/src/image_publisher/install/image_publisher/share/image_publisher/package.zsh'
[6.271s] Level 1:colcon.colcon_core.environment:create_file_with_runtime_dependencies(/home/grupo4/visor_robo/src/image_publisher/install/image_publisher/share/colcon-core/packages/image_publisher)
[6.272s] DEBUG:colcon.colcon_parallel_executor.executor.parallel:closing loop
[6.273s] DEBUG:colcon.colcon_parallel_executor.executor.parallel:loop closed
[6.273s] DEBUG:colcon.colcon_parallel_executor.executor.parallel:run_until_complete finished with '0'
[6.273s] DEBUG:colcon.colcon_core.event_reactor:joining thread
[6.297s] INFO:colcon.colcon_core.plugin_system:Skipping extension 'colcon_notification.desktop_notification.terminal_notifier': Not used on non-Darwin systems
[6.297s] INFO:colcon.colcon_core.plugin_system:Skipping extension 'colcon_notification.desktop_notification.win32': Not used on non-Windows systems
[6.297s] INFO:colcon.colcon_notification.desktop_notification:Sending desktop notification using 'notify2'
[6.302s] DEBUG:colcon.colcon_notification.desktop_notification.notify2:Failed to initialize notify2: org.freedesktop.DBus.Error.ServiceUnknown: The name org.freedesktop.Notifications was not provided by any .service files
[6.302s] DEBUG:colcon.colcon_core.event_reactor:joined thread
[6.303s] INFO:colcon.colcon_core.shell:Creating prefix script '/home/grupo4/visor_robo/src/image_publisher/install/local_setup.ps1'
[6.308s] INFO:colcon.colcon_core.shell:Creating prefix util module '/home/grupo4/visor_robo/src/image_publisher/install/_local_setup_util_ps1.py'
[6.314s] INFO:colcon.colcon_core.shell:Creating prefix chain script '/home/grupo4/visor_robo/src/image_publisher/install/setup.ps1'
[6.319s] INFO:colcon.colcon_core.shell:Creating prefix script '/home/grupo4/visor_robo/src/image_publisher/install/local_setup.sh'
[6.322s] INFO:colcon.colcon_core.shell:Creating prefix util module '/home/grupo4/visor_robo/src/image_publisher/install/_local_setup_util_sh.py'
[6.324s] INFO:colcon.colcon_core.shell:Creating prefix chain script '/home/grupo4/visor_robo/src/image_publisher/install/setup.sh'
[6.329s] INFO:colcon.colcon_core.shell:Creating prefix script '/home/grupo4/visor_robo/src/image_publisher/install/local_setup.bash'
[6.331s] INFO:colcon.colcon_core.shell:Creating prefix chain script '/home/grupo4/visor_robo/src/image_publisher/install/setup.bash'
[6.336s] INFO:colcon.colcon_core.shell:Creating prefix script '/home/grupo4/visor_robo/src/image_publisher/install/local_setup.zsh'
[6.338s] INFO:colcon.colcon_core.shell:Creating prefix chain script '/home/grupo4/visor_robo/src/image_publisher/install/setup.zsh'
