[4.975s] Invoking command in '/home/grupo4/main_ws/src/new_bringup': PYTHONPATH=/home/grupo4/main_ws/build/new_bringup/prefix_override:/home/grupo4/main_ws/install/new_bringup/lib/python3.10/site-packages:${PYTHONPATH} /usr/bin/python3 -W ignore:setup.py install is deprecated setup.py egg_info --egg-base ../../build/new_bringup build --build-base /home/grupo4/main_ws/build/new_bringup/build install --record /home/grupo4/main_ws/build/new_bringup/install.log --single-version-externally-managed install_data
[6.536s] running egg_info
[6.539s] writing ../../build/new_bringup/new_bringup.egg-info/PKG-INFO
[6.540s] writing dependency_links to ../../build/new_bringup/new_bringup.egg-info/dependency_links.txt
[6.542s] writing entry points to ../../build/new_bringup/new_bringup.egg-info/entry_points.txt
[6.543s] writing requirements to ../../build/new_bringup/new_bringup.egg-info/requires.txt
[6.544s] writing top-level names to ../../build/new_bringup/new_bringup.egg-info/top_level.txt
[6.553s] reading manifest file '../../build/new_bringup/new_bringup.egg-info/SOURCES.txt'
[6.567s] writing manifest file '../../build/new_bringup/new_bringup.egg-info/SOURCES.txt'
[6.567s] running build
[6.568s] running build_py
[6.568s] running install
[6.577s] running install_lib
[6.581s] running install_data
[6.582s] running install_egg_info
[6.584s] removing '/home/grupo4/main_ws/install/new_bringup/lib/python3.10/site-packages/new_bringup-0.0.0-py3.10.egg-info' (and everything under it)
[6.584s] Copying ../../build/new_bringup/new_bringup.egg-info to /home/grupo4/main_ws/install/new_bringup/lib/python3.10/site-packages/new_bringup-0.0.0-py3.10.egg-info
[6.588s] running install_scripts
[6.692s] Installing bringup_manager script to /home/grupo4/main_ws/install/new_bringup/lib/new_bringup
[6.694s] writing list of installed files to '/home/grupo4/main_ws/build/new_bringup/install.log'
[6.943s] Invoked command in '/home/grupo4/main_ws/src/new_bringup' returned '0': PYTHONPATH=/home/grupo4/main_ws/build/new_bringup/prefix_override:/home/grupo4/main_ws/install/new_bringup/lib/python3.10/site-packages:${PYTHONPATH} /usr/bin/python3 -W ignore:setup.py install is deprecated setup.py egg_info --egg-base ../../build/new_bringup build --build-base /home/grupo4/main_ws/build/new_bringup/build install --record /home/grupo4/main_ws/build/new_bringup/install.log --single-version-externally-managed install_data
