[0.442s] DEBUG:colcon:Command line arguments: ['/usr/bin/colcon', 'build']
[0.443s] DEBUG:colcon:Parsed command line arguments: Namespace(log_base=None, log_level=None, verb_name='build', build_base='build', install_base='install', merge_install=False, symlink_install=False, test_result_base=None, continue_on_error=False, executor='parallel', parallel_workers=4, event_handlers=None, ignore_user_meta=False, metas=['./colcon.meta'], base_paths=['.'], packages_ignore=None, packages_ignore_regex=None, paths=None, packages_up_to=None, packages_up_to_regex=None, packages_above=None, packages_above_and_dependencies=None, packages_above_depth=None, packages_select_by_dep=None, packages_skip_by_dep=None, packages_skip_up_to=None, packages_select_build_failed=False, packages_skip_build_finished=False, packages_select_test_failures=False, packages_skip_test_passed=False, packages_select=None, packages_skip=None, packages_select_regex=None, packages_skip_regex=None, packages_start=None, packages_end=None, allow_overriding=[], cmake_args=None, cmake_target=None, cmake_target_skip_unavailable=False, cmake_clean_cache=False, cmake_clean_first=False, cmake_force_configure=False, ament_cmake_args=None, catkin_cmake_args=None, catkin_skip_building_tests=False, verb_parser=<colcon_defaults.argument_parser.defaults.DefaultArgumentsDecorator object at 0xffffad934880>, verb_extension=<colcon_core.verb.build.BuildVerb object at 0xffffada4d480>, main=<bound method BuildVerb.main of <colcon_core.verb.build.BuildVerb object at 0xffffada4d480>>)
[1.276s] Level 1:colcon.colcon_core.package_discovery:discover_packages(colcon_meta) check parameters
[1.277s] Level 1:colcon.colcon_core.package_discovery:discover_packages(recursive) check parameters
[1.277s] Level 1:colcon.colcon_core.package_discovery:discover_packages(ignore) check parameters
[1.277s] Level 1:colcon.colcon_core.package_discovery:discover_packages(path) check parameters
[1.277s] Level 1:colcon.colcon_core.package_discovery:discover_packages(colcon_meta) discover
[1.277s] Level 1:colcon.colcon_core.package_discovery:discover_packages(recursive) discover
[1.278s] INFO:colcon.colcon_core.package_discovery:Crawling recursively for packages in '/home/grupo4/new_bringup_ws/src/new_bringup'
[1.278s] Level 1:colcon.colcon_core.package_identification:_identify(.) by extensions ['ignore', 'ignore_ament_install']
[1.278s] Level 1:colcon.colcon_core.package_identification:_identify(.) by extension 'ignore'
[1.279s] Level 1:colcon.colcon_core.package_identification:_identify(.) by extension 'ignore_ament_install'
[1.279s] Level 1:colcon.colcon_core.package_identification:_identify(.) by extensions ['colcon_pkg']
[1.279s] Level 1:colcon.colcon_core.package_identification:_identify(.) by extension 'colcon_pkg'
[1.279s] Level 1:colcon.colcon_core.package_identification:_identify(.) by extensions ['colcon_meta']
[1.279s] Level 1:colcon.colcon_core.package_identification:_identify(.) by extension 'colcon_meta'
[1.279s] Level 1:colcon.colcon_core.package_identification:_identify(.) by extensions ['ros']
[1.280s] Level 1:colcon.colcon_core.package_identification:_identify(.) by extension 'ros'
[1.335s] DEBUG:colcon.colcon_core.package_identification:Package '.' with type 'ros.ament_python' and name 'new_bringup'
[1.335s] Level 1:colcon.colcon_core.package_discovery:discover_packages(recursive) using defaults
[1.335s] Level 1:colcon.colcon_core.package_discovery:discover_packages(ignore) discover
[1.335s] Level 1:colcon.colcon_core.package_discovery:discover_packages(ignore) using defaults
[1.335s] Level 1:colcon.colcon_core.package_discovery:discover_packages(path) discover
[1.336s] Level 1:colcon.colcon_core.package_discovery:discover_packages(path) using defaults
[1.410s] Level 1:colcon.colcon_core.package_discovery:discover_packages(prefix_path) check parameters
[1.410s] Level 1:colcon.colcon_core.package_discovery:discover_packages(prefix_path) discover
[1.418s] DEBUG:colcon.colcon_installed_package_information.package_discovery:Found 1 installed packages in /home/grupo4/turtlebot3_ws/install
[1.428s] DEBUG:colcon.colcon_installed_package_information.package_discovery:Found 336 installed packages in /opt/ros/humble
[1.477s] Level 1:colcon.colcon_core.package_discovery:discover_packages(prefix_path) using defaults
[1.672s] Level 5:colcon.colcon_core.verb:set package 'new_bringup' build argument 'cmake_args' from command line to 'None'
[1.672s] Level 5:colcon.colcon_core.verb:set package 'new_bringup' build argument 'cmake_target' from command line to 'None'
[1.673s] Level 5:colcon.colcon_core.verb:set package 'new_bringup' build argument 'cmake_target_skip_unavailable' from command line to 'False'
[1.673s] Level 5:colcon.colcon_core.verb:set package 'new_bringup' build argument 'cmake_clean_cache' from command line to 'False'
[1.673s] Level 5:colcon.colcon_core.verb:set package 'new_bringup' build argument 'cmake_clean_first' from command line to 'False'
[1.673s] Level 5:colcon.colcon_core.verb:set package 'new_bringup' build argument 'cmake_force_configure' from command line to 'False'
[1.673s] Level 5:colcon.colcon_core.verb:set package 'new_bringup' build argument 'ament_cmake_args' from command line to 'None'
[1.673s] Level 5:colcon.colcon_core.verb:set package 'new_bringup' build argument 'catkin_cmake_args' from command line to 'None'
[1.673s] Level 5:colcon.colcon_core.verb:set package 'new_bringup' build argument 'catkin_skip_building_tests' from command line to 'False'
[1.673s] DEBUG:colcon.colcon_core.verb:Building package 'new_bringup' with the following arguments: {'ament_cmake_args': None, 'build_base': '/home/grupo4/new_bringup_ws/src/new_bringup/build/new_bringup', 'catkin_cmake_args': None, 'catkin_skip_building_tests': False, 'cmake_args': None, 'cmake_clean_cache': False, 'cmake_clean_first': False, 'cmake_force_configure': False, 'cmake_target': None, 'cmake_target_skip_unavailable': False, 'install_base': '/home/grupo4/new_bringup_ws/src/new_bringup/install/new_bringup', 'merge_install': False, 'path': '/home/grupo4/new_bringup_ws/src/new_bringup', 'symlink_install': False, 'test_result_base': None}
[1.674s] INFO:colcon.colcon_core.executor:Executing jobs using 'parallel' executor
[1.677s] DEBUG:colcon.colcon_parallel_executor.executor.parallel:run_until_complete
[1.678s] INFO:colcon.colcon_ros.task.ament_python.build:Building ROS package in '/home/grupo4/new_bringup_ws/src/new_bringup' with build type 'ament_python'
[1.679s] Level 1:colcon.colcon_core.shell:create_environment_hook('new_bringup', 'ament_prefix_path')
[1.686s] INFO:colcon.colcon_core.plugin_system:Skipping extension 'colcon_core.shell.bat': Not used on non-Windows systems
[1.687s] INFO:colcon.colcon_core.shell:Creating environment hook '/home/grupo4/new_bringup_ws/src/new_bringup/install/new_bringup/share/new_bringup/hook/ament_prefix_path.ps1'
[1.690s] INFO:colcon.colcon_core.shell:Creating environment descriptor '/home/grupo4/new_bringup_ws/src/new_bringup/install/new_bringup/share/new_bringup/hook/ament_prefix_path.dsv'
[1.692s] INFO:colcon.colcon_core.shell:Creating environment hook '/home/grupo4/new_bringup_ws/src/new_bringup/install/new_bringup/share/new_bringup/hook/ament_prefix_path.sh'
[1.695s] INFO:colcon.colcon_core.shell:Skip shell extension 'powershell' for command environment: Not usable outside of PowerShell
[1.695s] DEBUG:colcon.colcon_core.shell:Skip shell extension 'dsv' for command environment
[2.886s] INFO:colcon.colcon_core.task.python.build:Building Python package in '/home/grupo4/new_bringup_ws/src/new_bringup'
[2.887s] INFO:colcon.colcon_core.shell:Skip shell extension 'powershell' for command environment: Not usable outside of PowerShell
[2.888s] DEBUG:colcon.colcon_core.shell:Skip shell extension 'dsv' for command environment
[4.876s] DEBUG:colcon.colcon_core.event_handler.log_command:Invoking command in '/home/grupo4/new_bringup_ws/src/new_bringup': PYTHONPATH=/home/grupo4/new_bringup_ws/src/new_bringup/build/new_bringup/prefix_override:/home/grupo4/new_bringup_ws/src/new_bringup/install/new_bringup/lib/python3.10/site-packages:${PYTHONPATH} /usr/bin/python3 -W ignore:setup.py install is deprecated setup.py egg_info --egg-base build/new_bringup build --build-base /home/grupo4/new_bringup_ws/src/new_bringup/build/new_bringup/build install --record /home/grupo4/new_bringup_ws/src/new_bringup/build/new_bringup/install.log --single-version-externally-managed install_data
[6.231s] DEBUG:colcon.colcon_core.event_handler.log_command:Invoked command in '/home/grupo4/new_bringup_ws/src/new_bringup' returned '0': PYTHONPATH=/home/grupo4/new_bringup_ws/src/new_bringup/build/new_bringup/prefix_override:/home/grupo4/new_bringup_ws/src/new_bringup/install/new_bringup/lib/python3.10/site-packages:${PYTHONPATH} /usr/bin/python3 -W ignore:setup.py install is deprecated setup.py egg_info --egg-base build/new_bringup build --build-base /home/grupo4/new_bringup_ws/src/new_bringup/build/new_bringup/build install --record /home/grupo4/new_bringup_ws/src/new_bringup/build/new_bringup/install.log --single-version-externally-managed install_data
[6.240s] Level 1:colcon.colcon_core.environment:checking '/home/grupo4/new_bringup_ws/src/new_bringup/install/new_bringup' for CMake module files
[6.242s] Level 1:colcon.colcon_core.environment:checking '/home/grupo4/new_bringup_ws/src/new_bringup/install/new_bringup' for CMake config files
[6.246s] Level 1:colcon.colcon_core.environment:checking '/home/grupo4/new_bringup_ws/src/new_bringup/install/new_bringup/lib'
[6.246s] Level 1:colcon.colcon_core.environment:checking '/home/grupo4/new_bringup_ws/src/new_bringup/install/new_bringup/bin'
[6.247s] Level 1:colcon.colcon_core.environment:checking '/home/grupo4/new_bringup_ws/src/new_bringup/install/new_bringup/lib/pkgconfig/new_bringup.pc'
[6.248s] Level 1:colcon.colcon_core.environment:checking '/home/grupo4/new_bringup_ws/src/new_bringup/install/new_bringup/lib/python3.10/site-packages'
[6.248s] Level 1:colcon.colcon_core.shell:create_environment_hook('new_bringup', 'pythonpath')
[6.249s] INFO:colcon.colcon_core.shell:Creating environment hook '/home/grupo4/new_bringup_ws/src/new_bringup/install/new_bringup/share/new_bringup/hook/pythonpath.ps1'
[6.250s] INFO:colcon.colcon_core.shell:Creating environment descriptor '/home/grupo4/new_bringup_ws/src/new_bringup/install/new_bringup/share/new_bringup/hook/pythonpath.dsv'
[6.252s] INFO:colcon.colcon_core.shell:Creating environment hook '/home/grupo4/new_bringup_ws/src/new_bringup/install/new_bringup/share/new_bringup/hook/pythonpath.sh'
[6.254s] Level 1:colcon.colcon_core.environment:checking '/home/grupo4/new_bringup_ws/src/new_bringup/install/new_bringup/bin'
[6.254s] Level 1:colcon.colcon_core.environment:create_environment_scripts_only(new_bringup)
[6.255s] INFO:colcon.colcon_core.shell:Creating package script '/home/grupo4/new_bringup_ws/src/new_bringup/install/new_bringup/share/new_bringup/package.ps1'
[6.259s] INFO:colcon.colcon_core.shell:Creating package descriptor '/home/grupo4/new_bringup_ws/src/new_bringup/install/new_bringup/share/new_bringup/package.dsv'
[6.261s] INFO:colcon.colcon_core.shell:Creating package script '/home/grupo4/new_bringup_ws/src/new_bringup/install/new_bringup/share/new_bringup/package.sh'
[6.264s] INFO:colcon.colcon_core.shell:Creating package script '/home/grupo4/new_bringup_ws/src/new_bringup/install/new_bringup/share/new_bringup/package.bash'
[6.267s] INFO:colcon.colcon_core.shell:Creating package script '/home/grupo4/new_bringup_ws/src/new_bringup/install/new_bringup/share/new_bringup/package.zsh'
[6.269s] Level 1:colcon.colcon_core.environment:create_file_with_runtime_dependencies(/home/grupo4/new_bringup_ws/src/new_bringup/install/new_bringup/share/colcon-core/packages/new_bringup)
[6.271s] DEBUG:colcon.colcon_parallel_executor.executor.parallel:closing loop
[6.272s] DEBUG:colcon.colcon_parallel_executor.executor.parallel:loop closed
[6.272s] DEBUG:colcon.colcon_parallel_executor.executor.parallel:run_until_complete finished with '0'
[6.272s] DEBUG:colcon.colcon_core.event_reactor:joining thread
[6.291s] INFO:colcon.colcon_core.plugin_system:Skipping extension 'colcon_notification.desktop_notification.terminal_notifier': Not used on non-Darwin systems
[6.292s] INFO:colcon.colcon_core.plugin_system:Skipping extension 'colcon_notification.desktop_notification.win32': Not used on non-Windows systems
[6.292s] INFO:colcon.colcon_notification.desktop_notification:Sending desktop notification using 'notify2'
[6.297s] DEBUG:colcon.colcon_notification.desktop_notification.notify2:Failed to initialize notify2: org.freedesktop.DBus.Error.ServiceUnknown: The name org.freedesktop.Notifications was not provided by any .service files
[6.297s] DEBUG:colcon.colcon_core.event_reactor:joined thread
[6.298s] INFO:colcon.colcon_core.shell:Creating prefix script '/home/grupo4/new_bringup_ws/src/new_bringup/install/local_setup.ps1'
[6.302s] INFO:colcon.colcon_core.shell:Creating prefix util module '/home/grupo4/new_bringup_ws/src/new_bringup/install/_local_setup_util_ps1.py'
[6.307s] INFO:colcon.colcon_core.shell:Creating prefix chain script '/home/grupo4/new_bringup_ws/src/new_bringup/install/setup.ps1'
[6.311s] INFO:colcon.colcon_core.shell:Creating prefix script '/home/grupo4/new_bringup_ws/src/new_bringup/install/local_setup.sh'
[6.313s] INFO:colcon.colcon_core.shell:Creating prefix util module '/home/grupo4/new_bringup_ws/src/new_bringup/install/_local_setup_util_sh.py'
[6.315s] INFO:colcon.colcon_core.shell:Creating prefix chain script '/home/grupo4/new_bringup_ws/src/new_bringup/install/setup.sh'
[6.319s] INFO:colcon.colcon_core.shell:Creating prefix script '/home/grupo4/new_bringup_ws/src/new_bringup/install/local_setup.bash'
[6.321s] INFO:colcon.colcon_core.shell:Creating prefix chain script '/home/grupo4/new_bringup_ws/src/new_bringup/install/setup.bash'
[6.326s] INFO:colcon.colcon_core.shell:Creating prefix script '/home/grupo4/new_bringup_ws/src/new_bringup/install/local_setup.zsh'
[6.328s] INFO:colcon.colcon_core.shell:Creating prefix chain script '/home/grupo4/new_bringup_ws/src/new_bringup/install/setup.zsh'
