[0.428s] DEBUG:colcon:Command line arguments: ['/usr/bin/colcon', 'build']
[0.429s] DEBUG:colcon:Parsed command line arguments: Namespace(log_base=None, log_level=None, verb_name='build', build_base='build', install_base='install', merge_install=False, symlink_install=False, test_result_base=None, continue_on_error=False, executor='parallel', parallel_workers=4, event_handlers=None, ignore_user_meta=False, metas=['./colcon.meta'], base_paths=['.'], packages_ignore=None, packages_ignore_regex=None, paths=None, packages_up_to=None, packages_up_to_regex=None, packages_above=None, packages_above_and_dependencies=None, packages_above_depth=None, packages_select_by_dep=None, packages_skip_by_dep=None, packages_skip_up_to=None, packages_select_build_failed=False, packages_skip_build_finished=False, packages_select_test_failures=False, packages_skip_test_passed=False, packages_select=None, packages_skip=None, packages_select_regex=None, packages_skip_regex=None, packages_start=None, packages_end=None, allow_overriding=[], cmake_args=None, cmake_target=None, cmake_target_skip_unavailable=False, cmake_clean_cache=False, cmake_clean_first=False, cmake_force_configure=False, ament_cmake_args=None, catkin_cmake_args=None, catkin_skip_building_tests=False, verb_parser=<colcon_defaults.argument_parser.defaults.DefaultArgumentsDecorator object at 0xffffb1f208e0>, verb_extension=<colcon_core.verb.build.BuildVerb object at 0xffffb203d4e0>, main=<bound method BuildVerb.main of <colcon_core.verb.build.BuildVerb object at 0xffffb203d4e0>>)
[1.231s] Level 1:colcon.colcon_core.package_discovery:discover_packages(colcon_meta) check parameters
[1.231s] Level 1:colcon.colcon_core.package_discovery:discover_packages(recursive) check parameters
[1.231s] Level 1:colcon.colcon_core.package_discovery:discover_packages(ignore) check parameters
[1.232s] Level 1:colcon.colcon_core.package_discovery:discover_packages(path) check parameters
[1.232s] Level 1:colcon.colcon_core.package_discovery:discover_packages(colcon_meta) discover
[1.232s] Level 1:colcon.colcon_core.package_discovery:discover_packages(recursive) discover
[1.232s] INFO:colcon.colcon_core.package_discovery:Crawling recursively for packages in '/home/grupo4/main_ws'
[1.232s] Level 1:colcon.colcon_core.package_identification:_identify(.) by extensions ['ignore', 'ignore_ament_install']
[1.233s] Level 1:colcon.colcon_core.package_identification:_identify(.) by extension 'ignore'
[1.233s] Level 1:colcon.colcon_core.package_identification:_identify(.) by extension 'ignore_ament_install'
[1.233s] Level 1:colcon.colcon_core.package_identification:_identify(.) by extensions ['colcon_pkg']
[1.233s] Level 1:colcon.colcon_core.package_identification:_identify(.) by extension 'colcon_pkg'
[1.233s] Level 1:colcon.colcon_core.package_identification:_identify(.) by extensions ['colcon_meta']
[1.234s] Level 1:colcon.colcon_core.package_identification:_identify(.) by extension 'colcon_meta'
[1.234s] Level 1:colcon.colcon_core.package_identification:_identify(.) by extensions ['ros']
[1.234s] Level 1:colcon.colcon_core.package_identification:_identify(.) by extension 'ros'
[1.280s] Level 1:colcon.colcon_core.package_identification:_identify(.) by extensions ['cmake', 'python']
[1.280s] Level 1:colcon.colcon_core.package_identification:_identify(.) by extension 'cmake'
[1.280s] Level 1:colcon.colcon_core.package_identification:_identify(.) by extension 'python'
[1.280s] Level 1:colcon.colcon_core.package_identification:_identify(.) by extensions ['python_setup_py']
[1.280s] Level 1:colcon.colcon_core.package_identification:_identify(.) by extension 'python_setup_py'
[1.281s] Level 1:colcon.colcon_core.package_identification:_identify(build) by extensions ['ignore', 'ignore_ament_install']
[1.281s] Level 1:colcon.colcon_core.package_identification:_identify(build) by extension 'ignore'
[1.282s] Level 1:colcon.colcon_core.package_identification:_identify(build) ignored
[1.282s] Level 1:colcon.colcon_core.package_identification:_identify(install) by extensions ['ignore', 'ignore_ament_install']
[1.282s] Level 1:colcon.colcon_core.package_identification:_identify(install) by extension 'ignore'
[1.283s] Level 1:colcon.colcon_core.package_identification:_identify(install) ignored
[1.283s] Level 1:colcon.colcon_core.package_identification:_identify(launch) by extensions ['ignore', 'ignore_ament_install']
[1.283s] Level 1:colcon.colcon_core.package_identification:_identify(launch) by extension 'ignore'
[1.283s] Level 1:colcon.colcon_core.package_identification:_identify(launch) by extension 'ignore_ament_install'
[1.284s] Level 1:colcon.colcon_core.package_identification:_identify(launch) by extensions ['colcon_pkg']
[1.284s] Level 1:colcon.colcon_core.package_identification:_identify(launch) by extension 'colcon_pkg'
[1.284s] Level 1:colcon.colcon_core.package_identification:_identify(launch) by extensions ['colcon_meta']
[1.284s] Level 1:colcon.colcon_core.package_identification:_identify(launch) by extension 'colcon_meta'
[1.284s] Level 1:colcon.colcon_core.package_identification:_identify(launch) by extensions ['ros']
[1.284s] Level 1:colcon.colcon_core.package_identification:_identify(launch) by extension 'ros'
[1.285s] Level 1:colcon.colcon_core.package_identification:_identify(launch) by extensions ['cmake', 'python']
[1.285s] Level 1:colcon.colcon_core.package_identification:_identify(launch) by extension 'cmake'
[1.285s] Level 1:colcon.colcon_core.package_identification:_identify(launch) by extension 'python'
[1.285s] Level 1:colcon.colcon_core.package_identification:_identify(launch) by extensions ['python_setup_py']
[1.285s] Level 1:colcon.colcon_core.package_identification:_identify(launch) by extension 'python_setup_py'
[1.286s] Level 1:colcon.colcon_core.package_identification:_identify(launch/__pycache__) by extensions ['ignore', 'ignore_ament_install']
[1.286s] Level 1:colcon.colcon_core.package_identification:_identify(launch/__pycache__) by extension 'ignore'
[1.286s] Level 1:colcon.colcon_core.package_identification:_identify(launch/__pycache__) by extension 'ignore_ament_install'
[1.286s] Level 1:colcon.colcon_core.package_identification:_identify(launch/__pycache__) by extensions ['colcon_pkg']
[1.286s] Level 1:colcon.colcon_core.package_identification:_identify(launch/__pycache__) by extension 'colcon_pkg'
[1.287s] Level 1:colcon.colcon_core.package_identification:_identify(launch/__pycache__) by extensions ['colcon_meta']
[1.287s] Level 1:colcon.colcon_core.package_identification:_identify(launch/__pycache__) by extension 'colcon_meta'
[1.287s] Level 1:colcon.colcon_core.package_identification:_identify(launch/__pycache__) by extensions ['ros']
[1.287s] Level 1:colcon.colcon_core.package_identification:_identify(launch/__pycache__) by extension 'ros'
[1.287s] Level 1:colcon.colcon_core.package_identification:_identify(launch/__pycache__) by extensions ['cmake', 'python']
[1.287s] Level 1:colcon.colcon_core.package_identification:_identify(launch/__pycache__) by extension 'cmake'
[1.288s] Level 1:colcon.colcon_core.package_identification:_identify(launch/__pycache__) by extension 'python'
[1.288s] Level 1:colcon.colcon_core.package_identification:_identify(launch/__pycache__) by extensions ['python_setup_py']
[1.288s] Level 1:colcon.colcon_core.package_identification:_identify(launch/__pycache__) by extension 'python_setup_py'
[1.288s] Level 1:colcon.colcon_core.package_identification:_identify(log) by extensions ['ignore', 'ignore_ament_install']
[1.289s] Level 1:colcon.colcon_core.package_identification:_identify(log) by extension 'ignore'
[1.289s] Level 1:colcon.colcon_core.package_identification:_identify(log) ignored
[1.289s] Level 1:colcon.colcon_core.package_identification:_identify(src) by extensions ['ignore', 'ignore_ament_install']
[1.289s] Level 1:colcon.colcon_core.package_identification:_identify(src) by extension 'ignore'
[1.290s] Level 1:colcon.colcon_core.package_identification:_identify(src) by extension 'ignore_ament_install'
[1.290s] Level 1:colcon.colcon_core.package_identification:_identify(src) by extensions ['colcon_pkg']
[1.290s] Level 1:colcon.colcon_core.package_identification:_identify(src) by extension 'colcon_pkg'
[1.290s] Level 1:colcon.colcon_core.package_identification:_identify(src) by extensions ['colcon_meta']
[1.290s] Level 1:colcon.colcon_core.package_identification:_identify(src) by extension 'colcon_meta'
[1.290s] Level 1:colcon.colcon_core.package_identification:_identify(src) by extensions ['ros']
[1.291s] Level 1:colcon.colcon_core.package_identification:_identify(src) by extension 'ros'
[1.291s] Level 1:colcon.colcon_core.package_identification:_identify(src) by extensions ['cmake', 'python']
[1.291s] Level 1:colcon.colcon_core.package_identification:_identify(src) by extension 'cmake'
[1.291s] Level 1:colcon.colcon_core.package_identification:_identify(src) by extension 'python'
[1.291s] Level 1:colcon.colcon_core.package_identification:_identify(src) by extensions ['python_setup_py']
[1.291s] Level 1:colcon.colcon_core.package_identification:_identify(src) by extension 'python_setup_py'
[1.292s] Level 1:colcon.colcon_core.package_identification:_identify(src/image_publisher) by extensions ['ignore', 'ignore_ament_install']
[1.292s] Level 1:colcon.colcon_core.package_identification:_identify(src/image_publisher) by extension 'ignore'
[1.292s] Level 1:colcon.colcon_core.package_identification:_identify(src/image_publisher) by extension 'ignore_ament_install'
[1.293s] Level 1:colcon.colcon_core.package_identification:_identify(src/image_publisher) by extensions ['colcon_pkg']
[1.293s] Level 1:colcon.colcon_core.package_identification:_identify(src/image_publisher) by extension 'colcon_pkg'
[1.293s] Level 1:colcon.colcon_core.package_identification:_identify(src/image_publisher) by extensions ['colcon_meta']
[1.293s] Level 1:colcon.colcon_core.package_identification:_identify(src/image_publisher) by extension 'colcon_meta'
[1.293s] Level 1:colcon.colcon_core.package_identification:_identify(src/image_publisher) by extensions ['ros']
[1.293s] Level 1:colcon.colcon_core.package_identification:_identify(src/image_publisher) by extension 'ros'
[1.301s] DEBUG:colcon.colcon_core.package_identification:Package 'src/image_publisher' with type 'ros.ament_python' and name 'image_publisher'
[1.302s] Level 1:colcon.colcon_core.package_identification:_identify(src/new_bringup) by extensions ['ignore', 'ignore_ament_install']
[1.302s] Level 1:colcon.colcon_core.package_identification:_identify(src/new_bringup) by extension 'ignore'
[1.302s] Level 1:colcon.colcon_core.package_identification:_identify(src/new_bringup) by extension 'ignore_ament_install'
[1.302s] Level 1:colcon.colcon_core.package_identification:_identify(src/new_bringup) by extensions ['colcon_pkg']
[1.303s] Level 1:colcon.colcon_core.package_identification:_identify(src/new_bringup) by extension 'colcon_pkg'
[1.303s] Level 1:colcon.colcon_core.package_identification:_identify(src/new_bringup) by extensions ['colcon_meta']
[1.303s] Level 1:colcon.colcon_core.package_identification:_identify(src/new_bringup) by extension 'colcon_meta'
[1.303s] Level 1:colcon.colcon_core.package_identification:_identify(src/new_bringup) by extensions ['ros']
[1.303s] Level 1:colcon.colcon_core.package_identification:_identify(src/new_bringup) by extension 'ros'
[1.305s] DEBUG:colcon.colcon_core.package_identification:Package 'src/new_bringup' with type 'ros.ament_python' and name 'new_bringup'
[1.306s] Level 1:colcon.colcon_core.package_discovery:discover_packages(recursive) using defaults
[1.306s] Level 1:colcon.colcon_core.package_discovery:discover_packages(ignore) discover
[1.306s] Level 1:colcon.colcon_core.package_discovery:discover_packages(ignore) using defaults
[1.306s] Level 1:colcon.colcon_core.package_discovery:discover_packages(path) discover
[1.306s] Level 1:colcon.colcon_core.package_discovery:discover_packages(path) using defaults
[1.379s] Level 1:colcon.colcon_core.package_discovery:discover_packages(prefix_path) check parameters
[1.380s] Level 1:colcon.colcon_core.package_discovery:discover_packages(prefix_path) discover
[1.392s] DEBUG:colcon.colcon_installed_package_information.package_discovery:Found 1 installed packages in /home/grupo4/turtlebot3_ws/install
[1.403s] DEBUG:colcon.colcon_installed_package_information.package_discovery:Found 336 installed packages in /opt/ros/humble
[1.444s] Level 1:colcon.colcon_core.package_discovery:discover_packages(prefix_path) using defaults
[1.636s] Level 5:colcon.colcon_core.verb:set package 'image_publisher' build argument 'cmake_args' from command line to 'None'
[1.636s] Level 5:colcon.colcon_core.verb:set package 'image_publisher' build argument 'cmake_target' from command line to 'None'
[1.637s] Level 5:colcon.colcon_core.verb:set package 'image_publisher' build argument 'cmake_target_skip_unavailable' from command line to 'False'
[1.637s] Level 5:colcon.colcon_core.verb:set package 'image_publisher' build argument 'cmake_clean_cache' from command line to 'False'
[1.637s] Level 5:colcon.colcon_core.verb:set package 'image_publisher' build argument 'cmake_clean_first' from command line to 'False'
[1.637s] Level 5:colcon.colcon_core.verb:set package 'image_publisher' build argument 'cmake_force_configure' from command line to 'False'
[1.637s] Level 5:colcon.colcon_core.verb:set package 'image_publisher' build argument 'ament_cmake_args' from command line to 'None'
[1.637s] Level 5:colcon.colcon_core.verb:set package 'image_publisher' build argument 'catkin_cmake_args' from command line to 'None'
[1.637s] Level 5:colcon.colcon_core.verb:set package 'image_publisher' build argument 'catkin_skip_building_tests' from command line to 'False'
[1.637s] DEBUG:colcon.colcon_core.verb:Building package 'image_publisher' with the following arguments: {'ament_cmake_args': None, 'build_base': '/home/grupo4/main_ws/build/image_publisher', 'catkin_cmake_args': None, 'catkin_skip_building_tests': False, 'cmake_args': None, 'cmake_clean_cache': False, 'cmake_clean_first': False, 'cmake_force_configure': False, 'cmake_target': None, 'cmake_target_skip_unavailable': False, 'install_base': '/home/grupo4/main_ws/install/image_publisher', 'merge_install': False, 'path': '/home/grupo4/main_ws/src/image_publisher', 'symlink_install': False, 'test_result_base': None}
[1.639s] Level 5:colcon.colcon_core.verb:set package 'new_bringup' build argument 'cmake_args' from command line to 'None'
[1.639s] Level 5:colcon.colcon_core.verb:set package 'new_bringup' build argument 'cmake_target' from command line to 'None'
[1.639s] Level 5:colcon.colcon_core.verb:set package 'new_bringup' build argument 'cmake_target_skip_unavailable' from command line to 'False'
[1.639s] Level 5:colcon.colcon_core.verb:set package 'new_bringup' build argument 'cmake_clean_cache' from command line to 'False'
[1.639s] Level 5:colcon.colcon_core.verb:set package 'new_bringup' build argument 'cmake_clean_first' from command line to 'False'
[1.639s] Level 5:colcon.colcon_core.verb:set package 'new_bringup' build argument 'cmake_force_configure' from command line to 'False'
[1.640s] Level 5:colcon.colcon_core.verb:set package 'new_bringup' build argument 'ament_cmake_args' from command line to 'None'
[1.640s] Level 5:colcon.colcon_core.verb:set package 'new_bringup' build argument 'catkin_cmake_args' from command line to 'None'
[1.640s] Level 5:colcon.colcon_core.verb:set package 'new_bringup' build argument 'catkin_skip_building_tests' from command line to 'False'
[1.640s] DEBUG:colcon.colcon_core.verb:Building package 'new_bringup' with the following arguments: {'ament_cmake_args': None, 'build_base': '/home/grupo4/main_ws/build/new_bringup', 'catkin_cmake_args': None, 'catkin_skip_building_tests': False, 'cmake_args': None, 'cmake_clean_cache': False, 'cmake_clean_first': False, 'cmake_force_configure': False, 'cmake_target': None, 'cmake_target_skip_unavailable': False, 'install_base': '/home/grupo4/main_ws/install/new_bringup', 'merge_install': False, 'path': '/home/grupo4/main_ws/src/new_bringup', 'symlink_install': False, 'test_result_base': None}
[1.640s] INFO:colcon.colcon_core.executor:Executing jobs using 'parallel' executor
[1.644s] DEBUG:colcon.colcon_parallel_executor.executor.parallel:run_until_complete
[1.645s] INFO:colcon.colcon_ros.task.ament_python.build:Building ROS package in '/home/grupo4/main_ws/src/image_publisher' with build type 'ament_python'
[1.645s] Level 1:colcon.colcon_core.shell:create_environment_hook('image_publisher', 'ament_prefix_path')
[1.653s] INFO:colcon.colcon_core.plugin_system:Skipping extension 'colcon_core.shell.bat': Not used on non-Windows systems
[1.654s] INFO:colcon.colcon_core.shell:Creating environment hook '/home/grupo4/main_ws/install/image_publisher/share/image_publisher/hook/ament_prefix_path.ps1'
[1.657s] INFO:colcon.colcon_core.shell:Creating environment descriptor '/home/grupo4/main_ws/install/image_publisher/share/image_publisher/hook/ament_prefix_path.dsv'
[1.659s] INFO:colcon.colcon_core.shell:Creating environment hook '/home/grupo4/main_ws/install/image_publisher/share/image_publisher/hook/ament_prefix_path.sh'
[1.663s] INFO:colcon.colcon_core.shell:Skip shell extension 'powershell' for command environment: Not usable outside of PowerShell
[1.663s] DEBUG:colcon.colcon_core.shell:Skip shell extension 'dsv' for command environment
[1.681s] INFO:colcon.colcon_ros.task.ament_python.build:Building ROS package in '/home/grupo4/main_ws/src/new_bringup' with build type 'ament_python'
[1.682s] Level 1:colcon.colcon_core.shell:create_environment_hook('new_bringup', 'ament_prefix_path')
[1.683s] INFO:colcon.colcon_core.shell:Creating environment hook '/home/grupo4/main_ws/install/new_bringup/share/new_bringup/hook/ament_prefix_path.ps1'
[1.685s] INFO:colcon.colcon_core.shell:Creating environment descriptor '/home/grupo4/main_ws/install/new_bringup/share/new_bringup/hook/ament_prefix_path.dsv'
[1.687s] INFO:colcon.colcon_core.shell:Creating environment hook '/home/grupo4/main_ws/install/new_bringup/share/new_bringup/hook/ament_prefix_path.sh'
[1.690s] INFO:colcon.colcon_core.shell:Skip shell extension 'powershell' for command environment: Not usable outside of PowerShell
[1.691s] DEBUG:colcon.colcon_core.shell:Skip shell extension 'dsv' for command environment
[2.853s] INFO:colcon.colcon_core.task.python.build:Building Python package in '/home/grupo4/main_ws/src/image_publisher'
[2.854s] INFO:colcon.colcon_core.shell:Skip shell extension 'powershell' for command environment: Not usable outside of PowerShell
[2.854s] DEBUG:colcon.colcon_core.shell:Skip shell extension 'dsv' for command environment
[4.024s] INFO:colcon.colcon_core.task.python.build:Building Python package in '/home/grupo4/main_ws/src/new_bringup'
[4.025s] INFO:colcon.colcon_core.shell:Skip shell extension 'powershell' for command environment: Not usable outside of PowerShell
[4.025s] DEBUG:colcon.colcon_core.shell:Skip shell extension 'dsv' for command environment
[6.326s] DEBUG:colcon.colcon_core.event_handler.log_command:Invoking command in '/home/grupo4/main_ws/src/image_publisher': PYTHONPATH=/home/grupo4/main_ws/build/image_publisher/prefix_override:/home/grupo4/main_ws/install/image_publisher/lib/python3.10/site-packages:${PYTHONPATH} /usr/bin/python3 -W ignore:setup.py install is deprecated setup.py egg_info --egg-base ../../build/image_publisher build --build-base /home/grupo4/main_ws/build/image_publisher/build install --record /home/grupo4/main_ws/build/image_publisher/install.log --single-version-externally-managed install_data
[6.369s] DEBUG:colcon.colcon_core.event_handler.log_command:Invoking command in '/home/grupo4/main_ws/src/new_bringup': PYTHONPATH=/home/grupo4/main_ws/build/new_bringup/prefix_override:/home/grupo4/main_ws/install/new_bringup/lib/python3.10/site-packages:${PYTHONPATH} /usr/bin/python3 -W ignore:setup.py install is deprecated setup.py egg_info --egg-base ../../build/new_bringup build --build-base /home/grupo4/main_ws/build/new_bringup/build install --record /home/grupo4/main_ws/build/new_bringup/install.log --single-version-externally-managed install_data
[7.830s] DEBUG:colcon.colcon_core.event_handler.log_command:Invoked command in '/home/grupo4/main_ws/src/image_publisher' returned '0': PYTHONPATH=/home/grupo4/main_ws/build/image_publisher/prefix_override:/home/grupo4/main_ws/install/image_publisher/lib/python3.10/site-packages:${PYTHONPATH} /usr/bin/python3 -W ignore:setup.py install is deprecated setup.py egg_info --egg-base ../../build/image_publisher build --build-base /home/grupo4/main_ws/build/image_publisher/build install --record /home/grupo4/main_ws/build/image_publisher/install.log --single-version-externally-managed install_data
[7.847s] Level 1:colcon.colcon_core.environment:checking '/home/grupo4/main_ws/install/image_publisher' for CMake module files
[7.851s] Level 1:colcon.colcon_core.environment:checking '/home/grupo4/main_ws/install/image_publisher' for CMake config files
[7.857s] Level 1:colcon.colcon_core.environment:checking '/home/grupo4/main_ws/install/image_publisher/lib'
[7.858s] Level 1:colcon.colcon_core.environment:checking '/home/grupo4/main_ws/install/image_publisher/bin'
[7.859s] Level 1:colcon.colcon_core.environment:checking '/home/grupo4/main_ws/install/image_publisher/lib/pkgconfig/image_publisher.pc'
[7.861s] Level 1:colcon.colcon_core.environment:checking '/home/grupo4/main_ws/install/image_publisher/lib/python3.10/site-packages'
[7.862s] Level 1:colcon.colcon_core.shell:create_environment_hook('image_publisher', 'pythonpath')
[7.863s] INFO:colcon.colcon_core.shell:Creating environment hook '/home/grupo4/main_ws/install/image_publisher/share/image_publisher/hook/pythonpath.ps1'
[7.866s] INFO:colcon.colcon_core.shell:Creating environment descriptor '/home/grupo4/main_ws/install/image_publisher/share/image_publisher/hook/pythonpath.dsv'
[7.869s] INFO:colcon.colcon_core.shell:Creating environment hook '/home/grupo4/main_ws/install/image_publisher/share/image_publisher/hook/pythonpath.sh'
[7.872s] Level 1:colcon.colcon_core.environment:checking '/home/grupo4/main_ws/install/image_publisher/bin'
[7.873s] Level 1:colcon.colcon_core.environment:create_environment_scripts_only(image_publisher)
[7.874s] INFO:colcon.colcon_core.shell:Creating package script '/home/grupo4/main_ws/install/image_publisher/share/image_publisher/package.ps1'
[7.879s] INFO:colcon.colcon_core.shell:Creating package descriptor '/home/grupo4/main_ws/install/image_publisher/share/image_publisher/package.dsv'
[7.884s] INFO:colcon.colcon_core.shell:Creating package script '/home/grupo4/main_ws/install/image_publisher/share/image_publisher/package.sh'
[7.889s] INFO:colcon.colcon_core.shell:Creating package script '/home/grupo4/main_ws/install/image_publisher/share/image_publisher/package.bash'
[7.893s] INFO:colcon.colcon_core.shell:Creating package script '/home/grupo4/main_ws/install/image_publisher/share/image_publisher/package.zsh'
[7.896s] Level 1:colcon.colcon_core.environment:create_file_with_runtime_dependencies(/home/grupo4/main_ws/install/image_publisher/share/colcon-core/packages/image_publisher)
[7.900s] Level 1:colcon.colcon_core.environment:checking '/home/grupo4/main_ws/install/new_bringup' for CMake module files
[7.902s] DEBUG:colcon.colcon_core.event_handler.log_command:Invoked command in '/home/grupo4/main_ws/src/new_bringup' returned '0': PYTHONPATH=/home/grupo4/main_ws/build/new_bringup/prefix_override:/home/grupo4/main_ws/install/new_bringup/lib/python3.10/site-packages:${PYTHONPATH} /usr/bin/python3 -W ignore:setup.py install is deprecated setup.py egg_info --egg-base ../../build/new_bringup build --build-base /home/grupo4/main_ws/build/new_bringup/build install --record /home/grupo4/main_ws/build/new_bringup/install.log --single-version-externally-managed install_data
[7.904s] Level 1:colcon.colcon_core.environment:checking '/home/grupo4/main_ws/install/new_bringup' for CMake config files
[7.907s] Level 1:colcon.colcon_core.environment:checking '/home/grupo4/main_ws/install/new_bringup/lib'
[7.908s] Level 1:colcon.colcon_core.environment:checking '/home/grupo4/main_ws/install/new_bringup/bin'
[7.908s] Level 1:colcon.colcon_core.environment:checking '/home/grupo4/main_ws/install/new_bringup/lib/pkgconfig/new_bringup.pc'
[7.909s] Level 1:colcon.colcon_core.environment:checking '/home/grupo4/main_ws/install/new_bringup/lib/python3.10/site-packages'
[7.909s] Level 1:colcon.colcon_core.shell:create_environment_hook('new_bringup', 'pythonpath')
[7.910s] INFO:colcon.colcon_core.shell:Creating environment hook '/home/grupo4/main_ws/install/new_bringup/share/new_bringup/hook/pythonpath.ps1'
[7.912s] INFO:colcon.colcon_core.shell:Creating environment descriptor '/home/grupo4/main_ws/install/new_bringup/share/new_bringup/hook/pythonpath.dsv'
[7.914s] INFO:colcon.colcon_core.shell:Creating environment hook '/home/grupo4/main_ws/install/new_bringup/share/new_bringup/hook/pythonpath.sh'
[7.917s] Level 1:colcon.colcon_core.environment:checking '/home/grupo4/main_ws/install/new_bringup/bin'
[7.917s] Level 1:colcon.colcon_core.environment:create_environment_scripts_only(new_bringup)
[7.918s] INFO:colcon.colcon_core.shell:Creating package script '/home/grupo4/main_ws/install/new_bringup/share/new_bringup/package.ps1'
[7.921s] INFO:colcon.colcon_core.shell:Creating package descriptor '/home/grupo4/main_ws/install/new_bringup/share/new_bringup/package.dsv'
[7.923s] INFO:colcon.colcon_core.shell:Creating package script '/home/grupo4/main_ws/install/new_bringup/share/new_bringup/package.sh'
[7.925s] INFO:colcon.colcon_core.shell:Creating package script '/home/grupo4/main_ws/install/new_bringup/share/new_bringup/package.bash'
[7.927s] INFO:colcon.colcon_core.shell:Creating package script '/home/grupo4/main_ws/install/new_bringup/share/new_bringup/package.zsh'
[7.928s] Level 1:colcon.colcon_core.environment:create_file_with_runtime_dependencies(/home/grupo4/main_ws/install/new_bringup/share/colcon-core/packages/new_bringup)
[7.930s] DEBUG:colcon.colcon_parallel_executor.executor.parallel:closing loop
[7.931s] DEBUG:colcon.colcon_parallel_executor.executor.parallel:loop closed
[7.931s] DEBUG:colcon.colcon_parallel_executor.executor.parallel:run_until_complete finished with '0'
[7.932s] DEBUG:colcon.colcon_core.event_reactor:joining thread
[7.952s] INFO:colcon.colcon_core.plugin_system:Skipping extension 'colcon_notification.desktop_notification.terminal_notifier': Not used on non-Darwin systems
[7.952s] INFO:colcon.colcon_core.plugin_system:Skipping extension 'colcon_notification.desktop_notification.win32': Not used on non-Windows systems
[7.952s] INFO:colcon.colcon_notification.desktop_notification:Sending desktop notification using 'notify2'
[7.957s] DEBUG:colcon.colcon_notification.desktop_notification.notify2:Failed to initialize notify2: org.freedesktop.DBus.Error.ServiceUnknown: The name org.freedesktop.Notifications was not provided by any .service files
[7.958s] DEBUG:colcon.colcon_core.event_reactor:joined thread
[7.959s] INFO:colcon.colcon_core.shell:Creating prefix script '/home/grupo4/main_ws/install/local_setup.ps1'
[7.962s] INFO:colcon.colcon_core.shell:Creating prefix util module '/home/grupo4/main_ws/install/_local_setup_util_ps1.py'
[7.968s] INFO:colcon.colcon_core.shell:Creating prefix chain script '/home/grupo4/main_ws/install/setup.ps1'
[7.974s] INFO:colcon.colcon_core.shell:Creating prefix script '/home/grupo4/main_ws/install/local_setup.sh'
[7.977s] INFO:colcon.colcon_core.shell:Creating prefix util module '/home/grupo4/main_ws/install/_local_setup_util_sh.py'
[7.979s] INFO:colcon.colcon_core.shell:Creating prefix chain script '/home/grupo4/main_ws/install/setup.sh'
[7.983s] INFO:colcon.colcon_core.shell:Creating prefix script '/home/grupo4/main_ws/install/local_setup.bash'
[7.985s] INFO:colcon.colcon_core.shell:Creating prefix chain script '/home/grupo4/main_ws/install/setup.bash'
[7.989s] INFO:colcon.colcon_core.shell:Creating prefix script '/home/grupo4/main_ws/install/local_setup.zsh'
[7.992s] INFO:colcon.colcon_core.shell:Creating prefix chain script '/home/grupo4/main_ws/install/setup.zsh'
