[1.009s] DEBUG:colcon:Command line arguments: ['/usr/bin/colcon', 'build']
[1.009s] DEBUG:colcon:Parsed command line arguments: Namespace(log_base=None, log_level=None, verb_name='build', build_base='build', install_base='install', merge_install=False, symlink_install=False, test_result_base=None, continue_on_error=False, executor='parallel', parallel_workers=4, event_handlers=None, ignore_user_meta=False, metas=['./colcon.meta'], base_paths=['.'], packages_ignore=None, packages_ignore_regex=None, paths=None, packages_up_to=None, packages_up_to_regex=None, packages_above=None, packages_above_and_dependencies=None, packages_above_depth=None, packages_select_by_dep=None, packages_skip_by_dep=None, packages_skip_up_to=None, packages_select_build_failed=False, packages_skip_build_finished=False, packages_select_test_failures=False, packages_skip_test_passed=False, packages_select=None, packages_skip=None, packages_select_regex=None, packages_skip_regex=None, packages_start=None, packages_end=None, allow_overriding=[], cmake_args=None, cmake_target=None, cmake_target_skip_unavailable=False, cmake_clean_cache=False, cmake_clean_first=False, cmake_force_configure=False, ament_cmake_args=None, catkin_cmake_args=None, catkin_skip_building_tests=False, verb_parser=<colcon_defaults.argument_parser.defaults.DefaultArgumentsDecorator object at 0xffff88430910>, verb_extension=<colcon_core.verb.build.BuildVerb object at 0xffff8854d510>, main=<bound method BuildVerb.main of <colcon_core.verb.build.BuildVerb object at 0xffff8854d510>>)
[2.197s] Level 1:colcon.colcon_core.package_discovery:discover_packages(colcon_meta) check parameters
[2.198s] Level 1:colcon.colcon_core.package_discovery:discover_packages(recursive) check parameters
[2.198s] Level 1:colcon.colcon_core.package_discovery:discover_packages(ignore) check parameters
[2.198s] Level 1:colcon.colcon_core.package_discovery:discover_packages(path) check parameters
[2.198s] Level 1:colcon.colcon_core.package_discovery:discover_packages(colcon_meta) discover
[2.199s] Level 1:colcon.colcon_core.package_discovery:discover_packages(recursive) discover
[2.199s] INFO:colcon.colcon_core.package_discovery:Crawling recursively for packages in '/home/grupo4/main_ws'
[2.199s] Level 1:colcon.colcon_core.package_identification:_identify(.) by extensions ['ignore', 'ignore_ament_install']
[2.200s] Level 1:colcon.colcon_core.package_identification:_identify(.) by extension 'ignore'
[2.200s] Level 1:colcon.colcon_core.package_identification:_identify(.) by extension 'ignore_ament_install'
[2.200s] Level 1:colcon.colcon_core.package_identification:_identify(.) by extensions ['colcon_pkg']
[2.200s] Level 1:colcon.colcon_core.package_identification:_identify(.) by extension 'colcon_pkg'
[2.201s] Level 1:colcon.colcon_core.package_identification:_identify(.) by extensions ['colcon_meta']
[2.201s] Level 1:colcon.colcon_core.package_identification:_identify(.) by extension 'colcon_meta'
[2.201s] Level 1:colcon.colcon_core.package_identification:_identify(.) by extensions ['ros']
[2.201s] Level 1:colcon.colcon_core.package_identification:_identify(.) by extension 'ros'
[2.279s] Level 1:colcon.colcon_core.package_identification:_identify(.) by extensions ['cmake', 'python']
[2.279s] Level 1:colcon.colcon_core.package_identification:_identify(.) by extension 'cmake'
[2.279s] Level 1:colcon.colcon_core.package_identification:_identify(.) by extension 'python'
[2.280s] Level 1:colcon.colcon_core.package_identification:_identify(.) by extensions ['python_setup_py']
[2.280s] Level 1:colcon.colcon_core.package_identification:_identify(.) by extension 'python_setup_py'
[2.280s] Level 1:colcon.colcon_core.package_identification:_identify(build) by extensions ['ignore', 'ignore_ament_install']
[2.281s] Level 1:colcon.colcon_core.package_identification:_identify(build) by extension 'ignore'
[2.281s] Level 1:colcon.colcon_core.package_identification:_identify(build) ignored
[2.281s] Level 1:colcon.colcon_core.package_identification:_identify(install) by extensions ['ignore', 'ignore_ament_install']
[2.282s] Level 1:colcon.colcon_core.package_identification:_identify(install) by extension 'ignore'
[2.282s] Level 1:colcon.colcon_core.package_identification:_identify(install) ignored
[2.282s] Level 1:colcon.colcon_core.package_identification:_identify(launch) by extensions ['ignore', 'ignore_ament_install']
[2.282s] Level 1:colcon.colcon_core.package_identification:_identify(launch) by extension 'ignore'
[2.283s] Level 1:colcon.colcon_core.package_identification:_identify(launch) by extension 'ignore_ament_install'
[2.283s] Level 1:colcon.colcon_core.package_identification:_identify(launch) by extensions ['colcon_pkg']
[2.283s] Level 1:colcon.colcon_core.package_identification:_identify(launch) by extension 'colcon_pkg'
[2.283s] Level 1:colcon.colcon_core.package_identification:_identify(launch) by extensions ['colcon_meta']
[2.283s] Level 1:colcon.colcon_core.package_identification:_identify(launch) by extension 'colcon_meta'
[2.283s] Level 1:colcon.colcon_core.package_identification:_identify(launch) by extensions ['ros']
[2.284s] Level 1:colcon.colcon_core.package_identification:_identify(launch) by extension 'ros'
[2.284s] Level 1:colcon.colcon_core.package_identification:_identify(launch) by extensions ['cmake', 'python']
[2.284s] Level 1:colcon.colcon_core.package_identification:_identify(launch) by extension 'cmake'
[2.284s] Level 1:colcon.colcon_core.package_identification:_identify(launch) by extension 'python'
[2.284s] Level 1:colcon.colcon_core.package_identification:_identify(launch) by extensions ['python_setup_py']
[2.284s] Level 1:colcon.colcon_core.package_identification:_identify(launch) by extension 'python_setup_py'
[2.285s] Level 1:colcon.colcon_core.package_identification:_identify(launch/__pycache__) by extensions ['ignore', 'ignore_ament_install']
[2.285s] Level 1:colcon.colcon_core.package_identification:_identify(launch/__pycache__) by extension 'ignore'
[2.285s] Level 1:colcon.colcon_core.package_identification:_identify(launch/__pycache__) by extension 'ignore_ament_install'
[2.286s] Level 1:colcon.colcon_core.package_identification:_identify(launch/__pycache__) by extensions ['colcon_pkg']
[2.286s] Level 1:colcon.colcon_core.package_identification:_identify(launch/__pycache__) by extension 'colcon_pkg'
[2.286s] Level 1:colcon.colcon_core.package_identification:_identify(launch/__pycache__) by extensions ['colcon_meta']
[2.286s] Level 1:colcon.colcon_core.package_identification:_identify(launch/__pycache__) by extension 'colcon_meta'
[2.286s] Level 1:colcon.colcon_core.package_identification:_identify(launch/__pycache__) by extensions ['ros']
[2.286s] Level 1:colcon.colcon_core.package_identification:_identify(launch/__pycache__) by extension 'ros'
[2.287s] Level 1:colcon.colcon_core.package_identification:_identify(launch/__pycache__) by extensions ['cmake', 'python']
[2.287s] Level 1:colcon.colcon_core.package_identification:_identify(launch/__pycache__) by extension 'cmake'
[2.287s] Level 1:colcon.colcon_core.package_identification:_identify(launch/__pycache__) by extension 'python'
[2.287s] Level 1:colcon.colcon_core.package_identification:_identify(launch/__pycache__) by extensions ['python_setup_py']
[2.287s] Level 1:colcon.colcon_core.package_identification:_identify(launch/__pycache__) by extension 'python_setup_py'
[2.288s] Level 1:colcon.colcon_core.package_identification:_identify(log) by extensions ['ignore', 'ignore_ament_install']
[2.288s] Level 1:colcon.colcon_core.package_identification:_identify(log) by extension 'ignore'
[2.288s] Level 1:colcon.colcon_core.package_identification:_identify(log) ignored
[2.289s] Level 1:colcon.colcon_core.package_identification:_identify(src) by extensions ['ignore', 'ignore_ament_install']
[2.289s] Level 1:colcon.colcon_core.package_identification:_identify(src) by extension 'ignore'
[2.289s] Level 1:colcon.colcon_core.package_identification:_identify(src) by extension 'ignore_ament_install'
[2.289s] Level 1:colcon.colcon_core.package_identification:_identify(src) by extensions ['colcon_pkg']
[2.289s] Level 1:colcon.colcon_core.package_identification:_identify(src) by extension 'colcon_pkg'
[2.290s] Level 1:colcon.colcon_core.package_identification:_identify(src) by extensions ['colcon_meta']
[2.290s] Level 1:colcon.colcon_core.package_identification:_identify(src) by extension 'colcon_meta'
[2.290s] Level 1:colcon.colcon_core.package_identification:_identify(src) by extensions ['ros']
[2.290s] Level 1:colcon.colcon_core.package_identification:_identify(src) by extension 'ros'
[2.290s] Level 1:colcon.colcon_core.package_identification:_identify(src) by extensions ['cmake', 'python']
[2.290s] Level 1:colcon.colcon_core.package_identification:_identify(src) by extension 'cmake'
[2.291s] Level 1:colcon.colcon_core.package_identification:_identify(src) by extension 'python'
[2.291s] Level 1:colcon.colcon_core.package_identification:_identify(src) by extensions ['python_setup_py']
[2.291s] Level 1:colcon.colcon_core.package_identification:_identify(src) by extension 'python_setup_py'
[2.291s] Level 1:colcon.colcon_core.package_identification:_identify(src/image_publisher) by extensions ['ignore', 'ignore_ament_install']
[2.292s] Level 1:colcon.colcon_core.package_identification:_identify(src/image_publisher) by extension 'ignore'
[2.292s] Level 1:colcon.colcon_core.package_identification:_identify(src/image_publisher) by extension 'ignore_ament_install'
[2.292s] Level 1:colcon.colcon_core.package_identification:_identify(src/image_publisher) by extensions ['colcon_pkg']
[2.292s] Level 1:colcon.colcon_core.package_identification:_identify(src/image_publisher) by extension 'colcon_pkg'
[2.292s] Level 1:colcon.colcon_core.package_identification:_identify(src/image_publisher) by extensions ['colcon_meta']
[2.292s] Level 1:colcon.colcon_core.package_identification:_identify(src/image_publisher) by extension 'colcon_meta'
[2.293s] Level 1:colcon.colcon_core.package_identification:_identify(src/image_publisher) by extensions ['ros']
[2.293s] Level 1:colcon.colcon_core.package_identification:_identify(src/image_publisher) by extension 'ros'
[2.304s] DEBUG:colcon.colcon_core.package_identification:Package 'src/image_publisher' with type 'ros.ament_python' and name 'image_publisher'
[2.305s] Level 1:colcon.colcon_core.package_identification:_identify(src/new_bringup) by extensions ['ignore', 'ignore_ament_install']
[2.305s] Level 1:colcon.colcon_core.package_identification:_identify(src/new_bringup) by extension 'ignore'
[2.306s] Level 1:colcon.colcon_core.package_identification:_identify(src/new_bringup) by extension 'ignore_ament_install'
[2.306s] Level 1:colcon.colcon_core.package_identification:_identify(src/new_bringup) by extensions ['colcon_pkg']
[2.306s] Level 1:colcon.colcon_core.package_identification:_identify(src/new_bringup) by extension 'colcon_pkg'
[2.306s] Level 1:colcon.colcon_core.package_identification:_identify(src/new_bringup) by extensions ['colcon_meta']
[2.306s] Level 1:colcon.colcon_core.package_identification:_identify(src/new_bringup) by extension 'colcon_meta'
[2.307s] Level 1:colcon.colcon_core.package_identification:_identify(src/new_bringup) by extensions ['ros']
[2.307s] Level 1:colcon.colcon_core.package_identification:_identify(src/new_bringup) by extension 'ros'
[2.309s] DEBUG:colcon.colcon_core.package_identification:Package 'src/new_bringup' with type 'ros.ament_python' and name 'new_bringup'
[2.309s] Level 1:colcon.colcon_core.package_discovery:discover_packages(recursive) using defaults
[2.310s] Level 1:colcon.colcon_core.package_discovery:discover_packages(ignore) discover
[2.310s] Level 1:colcon.colcon_core.package_discovery:discover_packages(ignore) using defaults
[2.310s] Level 1:colcon.colcon_core.package_discovery:discover_packages(path) discover
[2.310s] Level 1:colcon.colcon_core.package_discovery:discover_packages(path) using defaults
[2.442s] Level 1:colcon.colcon_core.package_discovery:discover_packages(prefix_path) check parameters
[2.442s] Level 1:colcon.colcon_core.package_discovery:discover_packages(prefix_path) discover
[2.460s] DEBUG:colcon.colcon_installed_package_information.package_discovery:Found 1 installed packages in /home/grupo4/turtlebot3_ws/install
[2.472s] DEBUG:colcon.colcon_installed_package_information.package_discovery:Found 336 installed packages in /opt/ros/humble
[2.514s] Level 1:colcon.colcon_core.package_discovery:discover_packages(prefix_path) using defaults
[2.718s] Level 5:colcon.colcon_core.verb:set package 'image_publisher' build argument 'cmake_args' from command line to 'None'
[2.718s] Level 5:colcon.colcon_core.verb:set package 'image_publisher' build argument 'cmake_target' from command line to 'None'
[2.718s] Level 5:colcon.colcon_core.verb:set package 'image_publisher' build argument 'cmake_target_skip_unavailable' from command line to 'False'
[2.718s] Level 5:colcon.colcon_core.verb:set package 'image_publisher' build argument 'cmake_clean_cache' from command line to 'False'
[2.718s] Level 5:colcon.colcon_core.verb:set package 'image_publisher' build argument 'cmake_clean_first' from command line to 'False'
[2.718s] Level 5:colcon.colcon_core.verb:set package 'image_publisher' build argument 'cmake_force_configure' from command line to 'False'
[2.718s] Level 5:colcon.colcon_core.verb:set package 'image_publisher' build argument 'ament_cmake_args' from command line to 'None'
[2.718s] Level 5:colcon.colcon_core.verb:set package 'image_publisher' build argument 'catkin_cmake_args' from command line to 'None'
[2.719s] Level 5:colcon.colcon_core.verb:set package 'image_publisher' build argument 'catkin_skip_building_tests' from command line to 'False'
[2.719s] DEBUG:colcon.colcon_core.verb:Building package 'image_publisher' with the following arguments: {'ament_cmake_args': None, 'build_base': '/home/grupo4/main_ws/build/image_publisher', 'catkin_cmake_args': None, 'catkin_skip_building_tests': False, 'cmake_args': None, 'cmake_clean_cache': False, 'cmake_clean_first': False, 'cmake_force_configure': False, 'cmake_target': None, 'cmake_target_skip_unavailable': False, 'install_base': '/home/grupo4/main_ws/install/image_publisher', 'merge_install': False, 'path': '/home/grupo4/main_ws/src/image_publisher', 'symlink_install': False, 'test_result_base': None}
[2.720s] Level 5:colcon.colcon_core.verb:set package 'new_bringup' build argument 'cmake_args' from command line to 'None'
[2.720s] Level 5:colcon.colcon_core.verb:set package 'new_bringup' build argument 'cmake_target' from command line to 'None'
[2.721s] Level 5:colcon.colcon_core.verb:set package 'new_bringup' build argument 'cmake_target_skip_unavailable' from command line to 'False'
[2.721s] Level 5:colcon.colcon_core.verb:set package 'new_bringup' build argument 'cmake_clean_cache' from command line to 'False'
[2.721s] Level 5:colcon.colcon_core.verb:set package 'new_bringup' build argument 'cmake_clean_first' from command line to 'False'
[2.721s] Level 5:colcon.colcon_core.verb:set package 'new_bringup' build argument 'cmake_force_configure' from command line to 'False'
[2.721s] Level 5:colcon.colcon_core.verb:set package 'new_bringup' build argument 'ament_cmake_args' from command line to 'None'
[2.721s] Level 5:colcon.colcon_core.verb:set package 'new_bringup' build argument 'catkin_cmake_args' from command line to 'None'
[2.721s] Level 5:colcon.colcon_core.verb:set package 'new_bringup' build argument 'catkin_skip_building_tests' from command line to 'False'
[2.721s] DEBUG:colcon.colcon_core.verb:Building package 'new_bringup' with the following arguments: {'ament_cmake_args': None, 'build_base': '/home/grupo4/main_ws/build/new_bringup', 'catkin_cmake_args': None, 'catkin_skip_building_tests': False, 'cmake_args': None, 'cmake_clean_cache': False, 'cmake_clean_first': False, 'cmake_force_configure': False, 'cmake_target': None, 'cmake_target_skip_unavailable': False, 'install_base': '/home/grupo4/main_ws/install/new_bringup', 'merge_install': False, 'path': '/home/grupo4/main_ws/src/new_bringup', 'symlink_install': False, 'test_result_base': None}
[2.722s] INFO:colcon.colcon_core.executor:Executing jobs using 'parallel' executor
[2.725s] DEBUG:colcon.colcon_parallel_executor.executor.parallel:run_until_complete
[2.725s] INFO:colcon.colcon_ros.task.ament_python.build:Building ROS package in '/home/grupo4/main_ws/src/image_publisher' with build type 'ament_python'
[2.726s] Level 1:colcon.colcon_core.shell:create_environment_hook('image_publisher', 'ament_prefix_path')
[2.744s] INFO:colcon.colcon_core.plugin_system:Skipping extension 'colcon_core.shell.bat': Not used on non-Windows systems
[2.745s] INFO:colcon.colcon_core.shell:Creating environment hook '/home/grupo4/main_ws/install/image_publisher/share/image_publisher/hook/ament_prefix_path.ps1'
[2.749s] INFO:colcon.colcon_core.shell:Creating environment descriptor '/home/grupo4/main_ws/install/image_publisher/share/image_publisher/hook/ament_prefix_path.dsv'
[2.754s] INFO:colcon.colcon_core.shell:Creating environment hook '/home/grupo4/main_ws/install/image_publisher/share/image_publisher/hook/ament_prefix_path.sh'
[2.761s] INFO:colcon.colcon_core.shell:Skip shell extension 'powershell' for command environment: Not usable outside of PowerShell
[2.761s] DEBUG:colcon.colcon_core.shell:Skip shell extension 'dsv' for command environment
[2.785s] INFO:colcon.colcon_ros.task.ament_python.build:Building ROS package in '/home/grupo4/main_ws/src/new_bringup' with build type 'ament_python'
[2.785s] Level 1:colcon.colcon_core.shell:create_environment_hook('new_bringup', 'ament_prefix_path')
[2.786s] INFO:colcon.colcon_core.shell:Creating environment hook '/home/grupo4/main_ws/install/new_bringup/share/new_bringup/hook/ament_prefix_path.ps1'
[2.789s] INFO:colcon.colcon_core.shell:Creating environment descriptor '/home/grupo4/main_ws/install/new_bringup/share/new_bringup/hook/ament_prefix_path.dsv'
[2.791s] INFO:colcon.colcon_core.shell:Creating environment hook '/home/grupo4/main_ws/install/new_bringup/share/new_bringup/hook/ament_prefix_path.sh'
[2.794s] INFO:colcon.colcon_core.shell:Skip shell extension 'powershell' for command environment: Not usable outside of PowerShell
[2.794s] DEBUG:colcon.colcon_core.shell:Skip shell extension 'dsv' for command environment
[3.972s] INFO:colcon.colcon_core.task.python.build:Building Python package in '/home/grupo4/main_ws/src/image_publisher'
[3.973s] INFO:colcon.colcon_core.shell:Skip shell extension 'powershell' for command environment: Not usable outside of PowerShell
[3.973s] DEBUG:colcon.colcon_core.shell:Skip shell extension 'dsv' for command environment
[5.139s] INFO:colcon.colcon_core.task.python.build:Building Python package in '/home/grupo4/main_ws/src/new_bringup'
[5.140s] INFO:colcon.colcon_core.shell:Skip shell extension 'powershell' for command environment: Not usable outside of PowerShell
[5.140s] DEBUG:colcon.colcon_core.shell:Skip shell extension 'dsv' for command environment
[8.112s] DEBUG:colcon.colcon_core.event_handler.log_command:Invoking command in '/home/grupo4/main_ws/src/image_publisher': PYTHONPATH=/home/grupo4/main_ws/build/image_publisher/prefix_override:/home/grupo4/main_ws/install/image_publisher/lib/python3.10/site-packages:${PYTHONPATH} /usr/bin/python3 -W ignore:setup.py install is deprecated setup.py egg_info --egg-base ../../build/image_publisher build --build-base /home/grupo4/main_ws/build/image_publisher/build install --record /home/grupo4/main_ws/build/image_publisher/install.log --single-version-externally-managed install_data
[8.134s] DEBUG:colcon.colcon_core.event_handler.log_command:Invoking command in '/home/grupo4/main_ws/src/new_bringup': PYTHONPATH=/home/grupo4/main_ws/build/new_bringup/prefix_override:/home/grupo4/main_ws/install/new_bringup/lib/python3.10/site-packages:${PYTHONPATH} /usr/bin/python3 -W ignore:setup.py install is deprecated setup.py egg_info --egg-base ../../build/new_bringup build --build-base /home/grupo4/main_ws/build/new_bringup/build install --record /home/grupo4/main_ws/build/new_bringup/install.log --single-version-externally-managed install_data
[9.656s] DEBUG:colcon.colcon_core.event_handler.log_command:Invoked command in '/home/grupo4/main_ws/src/image_publisher' returned '0': PYTHONPATH=/home/grupo4/main_ws/build/image_publisher/prefix_override:/home/grupo4/main_ws/install/image_publisher/lib/python3.10/site-packages:${PYTHONPATH} /usr/bin/python3 -W ignore:setup.py install is deprecated setup.py egg_info --egg-base ../../build/image_publisher build --build-base /home/grupo4/main_ws/build/image_publisher/build install --record /home/grupo4/main_ws/build/image_publisher/install.log --single-version-externally-managed install_data
[9.678s] Level 1:colcon.colcon_core.environment:checking '/home/grupo4/main_ws/install/image_publisher' for CMake module files
[9.681s] Level 1:colcon.colcon_core.environment:checking '/home/grupo4/main_ws/install/image_publisher' for CMake config files
[9.685s] Level 1:colcon.colcon_core.environment:checking '/home/grupo4/main_ws/install/image_publisher/lib'
[9.686s] Level 1:colcon.colcon_core.environment:checking '/home/grupo4/main_ws/install/image_publisher/bin'
[9.686s] Level 1:colcon.colcon_core.environment:checking '/home/grupo4/main_ws/install/image_publisher/lib/pkgconfig/image_publisher.pc'
[9.687s] Level 1:colcon.colcon_core.environment:checking '/home/grupo4/main_ws/install/image_publisher/lib/python3.10/site-packages'
[9.688s] Level 1:colcon.colcon_core.shell:create_environment_hook('image_publisher', 'pythonpath')
[9.689s] INFO:colcon.colcon_core.shell:Creating environment hook '/home/grupo4/main_ws/install/image_publisher/share/image_publisher/hook/pythonpath.ps1'
[9.690s] INFO:colcon.colcon_core.shell:Creating environment descriptor '/home/grupo4/main_ws/install/image_publisher/share/image_publisher/hook/pythonpath.dsv'
[9.692s] INFO:colcon.colcon_core.shell:Creating environment hook '/home/grupo4/main_ws/install/image_publisher/share/image_publisher/hook/pythonpath.sh'
[9.694s] Level 1:colcon.colcon_core.environment:checking '/home/grupo4/main_ws/install/image_publisher/bin'
[9.695s] Level 1:colcon.colcon_core.environment:create_environment_scripts_only(image_publisher)
[9.696s] INFO:colcon.colcon_core.shell:Creating package script '/home/grupo4/main_ws/install/image_publisher/share/image_publisher/package.ps1'
[9.700s] INFO:colcon.colcon_core.shell:Creating package descriptor '/home/grupo4/main_ws/install/image_publisher/share/image_publisher/package.dsv'
[9.703s] INFO:colcon.colcon_core.shell:Creating package script '/home/grupo4/main_ws/install/image_publisher/share/image_publisher/package.sh'
[9.707s] INFO:colcon.colcon_core.shell:Creating package script '/home/grupo4/main_ws/install/image_publisher/share/image_publisher/package.bash'
[9.711s] INFO:colcon.colcon_core.shell:Creating package script '/home/grupo4/main_ws/install/image_publisher/share/image_publisher/package.zsh'
[9.714s] Level 1:colcon.colcon_core.environment:create_file_with_runtime_dependencies(/home/grupo4/main_ws/install/image_publisher/share/colcon-core/packages/image_publisher)
[9.716s] Level 1:colcon.colcon_core.environment:checking '/home/grupo4/main_ws/install/new_bringup' for CMake module files
[9.720s] DEBUG:colcon.colcon_core.event_handler.log_command:Invoked command in '/home/grupo4/main_ws/src/new_bringup' returned '0': PYTHONPATH=/home/grupo4/main_ws/build/new_bringup/prefix_override:/home/grupo4/main_ws/install/new_bringup/lib/python3.10/site-packages:${PYTHONPATH} /usr/bin/python3 -W ignore:setup.py install is deprecated setup.py egg_info --egg-base ../../build/new_bringup build --build-base /home/grupo4/main_ws/build/new_bringup/build install --record /home/grupo4/main_ws/build/new_bringup/install.log --single-version-externally-managed install_data
[9.721s] Level 1:colcon.colcon_core.environment:checking '/home/grupo4/main_ws/install/new_bringup' for CMake config files
[9.724s] Level 1:colcon.colcon_core.environment:checking '/home/grupo4/main_ws/install/new_bringup/lib'
[9.725s] Level 1:colcon.colcon_core.environment:checking '/home/grupo4/main_ws/install/new_bringup/bin'
[9.725s] Level 1:colcon.colcon_core.environment:checking '/home/grupo4/main_ws/install/new_bringup/lib/pkgconfig/new_bringup.pc'
[9.726s] Level 1:colcon.colcon_core.environment:checking '/home/grupo4/main_ws/install/new_bringup/lib/python3.10/site-packages'
[9.726s] Level 1:colcon.colcon_core.shell:create_environment_hook('new_bringup', 'pythonpath')
[9.727s] INFO:colcon.colcon_core.shell:Creating environment hook '/home/grupo4/main_ws/install/new_bringup/share/new_bringup/hook/pythonpath.ps1'
[9.729s] INFO:colcon.colcon_core.shell:Creating environment descriptor '/home/grupo4/main_ws/install/new_bringup/share/new_bringup/hook/pythonpath.dsv'
[9.731s] INFO:colcon.colcon_core.shell:Creating environment hook '/home/grupo4/main_ws/install/new_bringup/share/new_bringup/hook/pythonpath.sh'
[9.733s] Level 1:colcon.colcon_core.environment:checking '/home/grupo4/main_ws/install/new_bringup/bin'
[9.734s] Level 1:colcon.colcon_core.environment:create_environment_scripts_only(new_bringup)
[9.735s] INFO:colcon.colcon_core.shell:Creating package script '/home/grupo4/main_ws/install/new_bringup/share/new_bringup/package.ps1'
[9.737s] INFO:colcon.colcon_core.shell:Creating package descriptor '/home/grupo4/main_ws/install/new_bringup/share/new_bringup/package.dsv'
[9.739s] INFO:colcon.colcon_core.shell:Creating package script '/home/grupo4/main_ws/install/new_bringup/share/new_bringup/package.sh'
[9.742s] INFO:colcon.colcon_core.shell:Creating package script '/home/grupo4/main_ws/install/new_bringup/share/new_bringup/package.bash'
[9.744s] INFO:colcon.colcon_core.shell:Creating package script '/home/grupo4/main_ws/install/new_bringup/share/new_bringup/package.zsh'
[9.745s] Level 1:colcon.colcon_core.environment:create_file_with_runtime_dependencies(/home/grupo4/main_ws/install/new_bringup/share/colcon-core/packages/new_bringup)
[9.747s] DEBUG:colcon.colcon_parallel_executor.executor.parallel:closing loop
[9.748s] DEBUG:colcon.colcon_parallel_executor.executor.parallel:loop closed
[9.748s] DEBUG:colcon.colcon_parallel_executor.executor.parallel:run_until_complete finished with '0'
[9.749s] DEBUG:colcon.colcon_core.event_reactor:joining thread
[9.780s] INFO:colcon.colcon_core.plugin_system:Skipping extension 'colcon_notification.desktop_notification.terminal_notifier': Not used on non-Darwin systems
[9.780s] INFO:colcon.colcon_core.plugin_system:Skipping extension 'colcon_notification.desktop_notification.win32': Not used on non-Windows systems
[9.781s] INFO:colcon.colcon_notification.desktop_notification:Sending desktop notification using 'notify2'
[9.788s] DEBUG:colcon.colcon_notification.desktop_notification.notify2:Failed to initialize notify2: org.freedesktop.DBus.Error.ServiceUnknown: The name org.freedesktop.Notifications was not provided by any .service files
[9.788s] DEBUG:colcon.colcon_core.event_reactor:joined thread
[9.789s] INFO:colcon.colcon_core.shell:Creating prefix script '/home/grupo4/main_ws/install/local_setup.ps1'
[9.794s] INFO:colcon.colcon_core.shell:Creating prefix util module '/home/grupo4/main_ws/install/_local_setup_util_ps1.py'
[9.800s] INFO:colcon.colcon_core.shell:Creating prefix chain script '/home/grupo4/main_ws/install/setup.ps1'
[9.806s] INFO:colcon.colcon_core.shell:Creating prefix script '/home/grupo4/main_ws/install/local_setup.sh'
[9.809s] INFO:colcon.colcon_core.shell:Creating prefix util module '/home/grupo4/main_ws/install/_local_setup_util_sh.py'
[9.816s] INFO:colcon.colcon_core.shell:Creating prefix chain script '/home/grupo4/main_ws/install/setup.sh'
[9.827s] INFO:colcon.colcon_core.shell:Creating prefix script '/home/grupo4/main_ws/install/local_setup.bash'
[9.832s] INFO:colcon.colcon_core.shell:Creating prefix chain script '/home/grupo4/main_ws/install/setup.bash'
[9.838s] INFO:colcon.colcon_core.shell:Creating prefix script '/home/grupo4/main_ws/install/local_setup.zsh'
[9.842s] INFO:colcon.colcon_core.shell:Creating prefix chain script '/home/grupo4/main_ws/install/setup.zsh'
