[5.305s] Invoking command in '/home/grupo4/main_ws/src/new_bringup': PYTHONPATH=/home/grupo4/main_ws/build/new_bringup/prefix_override:/home/grupo4/main_ws/install/new_bringup/lib/python3.10/site-packages:${PYTHONPATH} /usr/bin/python3 -W ignore:setup.py install is deprecated setup.py egg_info --egg-base ../../build/new_bringup build --build-base /home/grupo4/main_ws/build/new_bringup/build install --record /home/grupo4/main_ws/build/new_bringup/install.log --single-version-externally-managed install_data
[6.677s] running egg_info
[6.680s] creating ../../build/new_bringup/new_bringup.egg-info
[6.681s] writing ../../build/new_bringup/new_bringup.egg-info/PKG-INFO
[6.682s] writing dependency_links to ../../build/new_bringup/new_bringup.egg-info/dependency_links.txt
[6.683s] writing entry points to ../../build/new_bringup/new_bringup.egg-info/entry_points.txt
[6.684s] writing requirements to ../../build/new_bringup/new_bringup.egg-info/requires.txt
[6.685s] writing top-level names to ../../build/new_bringup/new_bringup.egg-info/top_level.txt
[6.685s] writing manifest file '../../build/new_bringup/new_bringup.egg-info/SOURCES.txt'
[6.694s] reading manifest file '../../build/new_bringup/new_bringup.egg-info/SOURCES.txt'
[6.699s] writing manifest file '../../build/new_bringup/new_bringup.egg-info/SOURCES.txt'
[6.701s] running build
[6.703s] running build_py
[6.706s] creating /home/grupo4/main_ws/build/new_bringup/build
[6.707s] creating /home/grupo4/main_ws/build/new_bringup/build/lib
[6.715s] creating /home/grupo4/main_ws/build/new_bringup/build/lib/new_bringup
[6.721s] copying new_bringup/bringup_manager.py -> /home/grupo4/main_ws/build/new_bringup/build/lib/new_bringup
[6.724s] copying new_bringup/__init__.py -> /home/grupo4/main_ws/build/new_bringup/build/lib/new_bringup
[6.725s] running install
[6.727s] running install_lib
[6.728s] creating /home/grupo4/main_ws/install/new_bringup/lib/python3.10/site-packages/new_bringup
[6.732s] copying /home/grupo4/main_ws/build/new_bringup/build/lib/new_bringup/bringup_manager.py -> /home/grupo4/main_ws/install/new_bringup/lib/python3.10/site-packages/new_bringup
[6.733s] copying /home/grupo4/main_ws/build/new_bringup/build/lib/new_bringup/__init__.py -> /home/grupo4/main_ws/install/new_bringup/lib/python3.10/site-packages/new_bringup
[6.735s] byte-compiling /home/grupo4/main_ws/install/new_bringup/lib/python3.10/site-packages/new_bringup/bringup_manager.py to bringup_manager.cpython-310.pyc
[6.737s] byte-compiling /home/grupo4/main_ws/install/new_bringup/lib/python3.10/site-packages/new_bringup/__init__.py to __init__.cpython-310.pyc
[6.739s] running install_data
[6.741s] creating /home/grupo4/main_ws/install/new_bringup/share/ament_index
[6.742s] creating /home/grupo4/main_ws/install/new_bringup/share/ament_index/resource_index
[6.744s] creating /home/grupo4/main_ws/install/new_bringup/share/ament_index/resource_index/packages
[6.745s] copying resource/new_bringup -> /home/grupo4/main_ws/install/new_bringup/share/ament_index/resource_index/packages
[6.746s] copying package.xml -> /home/grupo4/main_ws/install/new_bringup/share/new_bringup
[6.747s] creating /home/grupo4/main_ws/install/new_bringup/share/new_bringup/launch
[6.749s] copying launch/bringup_launch.py -> /home/grupo4/main_ws/install/new_bringup/share/new_bringup/launch
[6.751s] running install_egg_info
[6.755s] Copying ../../build/new_bringup/new_bringup.egg-info to /home/grupo4/main_ws/install/new_bringup/lib/python3.10/site-packages/new_bringup-0.0.0-py3.10.egg-info
[6.768s] running install_scripts
[6.886s] Installing bringup_manager script to /home/grupo4/main_ws/install/new_bringup/lib/new_bringup
[6.890s] writing list of installed files to '/home/grupo4/main_ws/build/new_bringup/install.log'
[7.018s] Invoked command in '/home/grupo4/main_ws/src/new_bringup' returned '0': PYTHONPATH=/home/grupo4/main_ws/build/new_bringup/prefix_override:/home/grupo4/main_ws/install/new_bringup/lib/python3.10/site-packages:${PYTHONPATH} /usr/bin/python3 -W ignore:setup.py install is deprecated setup.py egg_info --egg-base ../../build/new_bringup build --build-base /home/grupo4/main_ws/build/new_bringup/build install --record /home/grupo4/main_ws/build/new_bringup/install.log --single-version-externally-managed install_data
