[5.347s] Invoking command in '/home/grupo4/main_ws/src/new_bringup': PYTHONPATH=/home/grupo4/main_ws/build/new_bringup/prefix_override:/home/grupo4/main_ws/install/new_bringup/lib/python3.10/site-packages:${PYTHONPATH} /usr/bin/python3 -W ignore:setup.py install is deprecated setup.py egg_info --egg-base ../../build/new_bringup build --build-base /home/grupo4/main_ws/build/new_bringup/build install --record /home/grupo4/main_ws/build/new_bringup/install.log --single-version-externally-managed install_data
[6.555s] running egg_info
[6.558s] writing ../../build/new_bringup/new_bringup.egg-info/PKG-INFO
[6.559s] writing dependency_links to ../../build/new_bringup/new_bringup.egg-info/dependency_links.txt
[6.561s] writing entry points to ../../build/new_bringup/new_bringup.egg-info/entry_points.txt
[6.561s] writing requirements to ../../build/new_bringup/new_bringup.egg-info/requires.txt
[6.562s] writing top-level names to ../../build/new_bringup/new_bringup.egg-info/top_level.txt
[6.569s] reading manifest file '../../build/new_bringup/new_bringup.egg-info/SOURCES.txt'
[6.573s] writing manifest file '../../build/new_bringup/new_bringup.egg-info/SOURCES.txt'
[6.575s] running build
[6.575s] running build_py
[6.577s] running install
[6.578s] running install_lib
[6.583s] running install_data
[6.584s] running install_egg_info
[6.592s] removing '/home/grupo4/main_ws/install/new_bringup/lib/python3.10/site-packages/new_bringup-0.0.0-py3.10.egg-info' (and everything under it)
[6.593s] Copying ../../build/new_bringup/new_bringup.egg-info to /home/grupo4/main_ws/install/new_bringup/lib/python3.10/site-packages/new_bringup-0.0.0-py3.10.egg-info
[6.599s] running install_scripts
[6.689s] Installing bringup_manager script to /home/grupo4/main_ws/install/new_bringup/lib/new_bringup
[6.692s] writing list of installed files to '/home/grupo4/main_ws/build/new_bringup/install.log'
[6.933s] Invoked command in '/home/grupo4/main_ws/src/new_bringup' returned '0': PYTHONPATH=/home/grupo4/main_ws/build/new_bringup/prefix_override:/home/grupo4/main_ws/install/new_bringup/lib/python3.10/site-packages:${PYTHONPATH} /usr/bin/python3 -W ignore:setup.py install is deprecated setup.py egg_info --egg-base ../../build/new_bringup build --build-base /home/grupo4/main_ws/build/new_bringup/build install --record /home/grupo4/main_ws/build/new_bringup/install.log --single-version-externally-managed install_data
