[5.242s] Invoking command in '/home/grupo4/main_ws/src/image_publisher': PYTHONPATH=/home/grupo4/main_ws/build/image_publisher/prefix_override:/home/grupo4/main_ws/install/image_publisher/lib/python3.10/site-packages:${PYTHONPATH} /usr/bin/python3 -W ignore:setup.py install is deprecated setup.py egg_info --egg-base ../../build/image_publisher build --build-base /home/grupo4/main_ws/build/image_publisher/build install --record /home/grupo4/main_ws/build/image_publisher/install.log --single-version-externally-managed install_data
[6.595s] running egg_info
[6.600s] writing ../../build/image_publisher/image_publisher.egg-info/PKG-INFO
[6.600s] writing dependency_links to ../../build/image_publisher/image_publisher.egg-info/dependency_links.txt
[6.601s] writing entry points to ../../build/image_publisher/image_publisher.egg-info/entry_points.txt
[6.609s] writing requirements to ../../build/image_publisher/image_publisher.egg-info/requires.txt
[6.611s] writing top-level names to ../../build/image_publisher/image_publisher.egg-info/top_level.txt
[6.617s] reading manifest file '../../build/image_publisher/image_publisher.egg-info/SOURCES.txt'
[6.617s] writing manifest file '../../build/image_publisher/image_publisher.egg-info/SOURCES.txt'
[6.618s] running build
[6.618s] running build_py
[6.620s] running install
[6.620s] running install_lib
[6.621s] running install_data
[6.622s] running install_egg_info
[6.629s] removing '/home/grupo4/main_ws/install/image_publisher/lib/python3.10/site-packages/image_publisher-0.0.0-py3.10.egg-info' (and everything under it)
[6.631s] Copying ../../build/image_publisher/image_publisher.egg-info to /home/grupo4/main_ws/install/image_publisher/lib/python3.10/site-packages/image_publisher-0.0.0-py3.10.egg-info
[6.646s] running install_scripts
[6.734s] Installing publisher script to /home/grupo4/main_ws/install/image_publisher/lib/image_publisher
[6.737s] writing list of installed files to '/home/grupo4/main_ws/build/image_publisher/install.log'
[6.924s] Invoked command in '/home/grupo4/main_ws/src/image_publisher' returned '0': PYTHONPATH=/home/grupo4/main_ws/build/image_publisher/prefix_override:/home/grupo4/main_ws/install/image_publisher/lib/python3.10/site-packages:${PYTHONPATH} /usr/bin/python3 -W ignore:setup.py install is deprecated setup.py egg_info --egg-base ../../build/image_publisher build --build-base /home/grupo4/main_ws/build/image_publisher/build install --record /home/grupo4/main_ws/build/image_publisher/install.log --single-version-externally-managed install_data
