[4.680s] Invoking command in '/home/grupo4/main_ws/src/image_publisher': PYTHONPATH=/home/grupo4/main_ws/build/image_publisher/prefix_override:/home/grupo4/main_ws/install/image_publisher/lib/python3.10/site-packages:${PYTHONPATH} /usr/bin/python3 -W ignore:setup.py install is deprecated setup.py egg_info --egg-base ../../build/image_publisher build --build-base /home/grupo4/main_ws/build/image_publisher/build install --record /home/grupo4/main_ws/build/image_publisher/install.log --single-version-externally-managed install_data
[5.896s] running egg_info
[5.899s] writing ../../build/image_publisher/image_publisher.egg-info/PKG-INFO
[5.900s] writing dependency_links to ../../build/image_publisher/image_publisher.egg-info/dependency_links.txt
[5.901s] writing entry points to ../../build/image_publisher/image_publisher.egg-info/entry_points.txt
[5.902s] writing requirements to ../../build/image_publisher/image_publisher.egg-info/requires.txt
[5.903s] writing top-level names to ../../build/image_publisher/image_publisher.egg-info/top_level.txt
[5.911s] reading manifest file '../../build/image_publisher/image_publisher.egg-info/SOURCES.txt'
[5.915s] writing manifest file '../../build/image_publisher/image_publisher.egg-info/SOURCES.txt'
[5.916s] running build
[5.916s] running build_py
[5.918s] running install
[5.919s] running install_lib
[5.925s] running install_data
[5.926s] running install_egg_info
[5.933s] removing '/home/grupo4/main_ws/install/image_publisher/lib/python3.10/site-packages/image_publisher-0.0.0-py3.10.egg-info' (and everything under it)
[5.935s] Copying ../../build/image_publisher/image_publisher.egg-info to /home/grupo4/main_ws/install/image_publisher/lib/python3.10/site-packages/image_publisher-0.0.0-py3.10.egg-info
[5.942s] running install_scripts
[6.030s] Installing publisher script to /home/grupo4/main_ws/install/image_publisher/lib/image_publisher
[6.032s] writing list of installed files to '/home/grupo4/main_ws/build/image_publisher/install.log'
[6.184s] Invoked command in '/home/grupo4/main_ws/src/image_publisher' returned '0': PYTHONPATH=/home/grupo4/main_ws/build/image_publisher/prefix_override:/home/grupo4/main_ws/install/image_publisher/lib/python3.10/site-packages:${PYTHONPATH} /usr/bin/python3 -W ignore:setup.py install is deprecated setup.py egg_info --egg-base ../../build/image_publisher build --build-base /home/grupo4/main_ws/build/image_publisher/build install --record /home/grupo4/main_ws/build/image_publisher/install.log --single-version-externally-managed install_data
