[0.638s] DEBUG:colcon:Command line arguments: ['/usr/bin/colcon', 'build']
[0.639s] DEBUG:colcon:Parsed command line arguments: Namespace(log_base=None, log_level=None, verb_name='build', build_base='build', install_base='install', merge_install=False, symlink_install=False, test_result_base=None, continue_on_error=False, executor='parallel', parallel_workers=4, event_handlers=None, ignore_user_meta=False, metas=['./colcon.meta'], base_paths=['.'], packages_ignore=None, packages_ignore_regex=None, paths=None, packages_up_to=None, packages_up_to_regex=None, packages_above=None, packages_above_and_dependencies=None, packages_above_depth=None, packages_select_by_dep=None, packages_skip_by_dep=None, packages_skip_up_to=None, packages_select_build_failed=False, packages_skip_build_finished=False, packages_select_test_failures=False, packages_skip_test_passed=False, packages_select=None, packages_skip=None, packages_select_regex=None, packages_skip_regex=None, packages_start=None, packages_end=None, allow_overriding=[], cmake_args=None, cmake_target=None, cmake_target_skip_unavailable=False, cmake_clean_cache=False, cmake_clean_first=False, cmake_force_configure=False, ament_cmake_args=None, catkin_cmake_args=None, catkin_skip_building_tests=False, verb_parser=<colcon_defaults.argument_parser.defaults.DefaultArgumentsDecorator object at 0xffffb3a048b0>, verb_extension=<colcon_core.verb.build.BuildVerb object at 0xffffb3b1d4b0>, main=<bound method BuildVerb.main of <colcon_core.verb.build.BuildVerb object at 0xffffb3b1d4b0>>)
[1.834s] Level 1:colcon.colcon_core.package_discovery:discover_packages(colcon_meta) check parameters
[1.834s] Level 1:colcon.colcon_core.package_discovery:discover_packages(recursive) check parameters
[1.834s] Level 1:colcon.colcon_core.package_discovery:discover_packages(ignore) check parameters
[1.834s] Level 1:colcon.colcon_core.package_discovery:discover_packages(path) check parameters
[1.835s] Level 1:colcon.colcon_core.package_discovery:discover_packages(colcon_meta) discover
[1.835s] Level 1:colcon.colcon_core.package_discovery:discover_packages(recursive) discover
[1.835s] INFO:colcon.colcon_core.package_discovery:Crawling recursively for packages in '/home/grupo4/main_ws'
[1.835s] Level 1:colcon.colcon_core.package_identification:_identify(.) by extensions ['ignore', 'ignore_ament_install']
[1.836s] Level 1:colcon.colcon_core.package_identification:_identify(.) by extension 'ignore'
[1.836s] Level 1:colcon.colcon_core.package_identification:_identify(.) by extension 'ignore_ament_install'
[1.836s] Level 1:colcon.colcon_core.package_identification:_identify(.) by extensions ['colcon_pkg']
[1.836s] Level 1:colcon.colcon_core.package_identification:_identify(.) by extension 'colcon_pkg'
[1.837s] Level 1:colcon.colcon_core.package_identification:_identify(.) by extensions ['colcon_meta']
[1.837s] Level 1:colcon.colcon_core.package_identification:_identify(.) by extension 'colcon_meta'
[1.837s] Level 1:colcon.colcon_core.package_identification:_identify(.) by extensions ['ros']
[1.837s] Level 1:colcon.colcon_core.package_identification:_identify(.) by extension 'ros'
[1.915s] Level 1:colcon.colcon_core.package_identification:_identify(.) by extensions ['cmake', 'python']
[1.915s] Level 1:colcon.colcon_core.package_identification:_identify(.) by extension 'cmake'
[1.915s] Level 1:colcon.colcon_core.package_identification:_identify(.) by extension 'python'
[1.916s] Level 1:colcon.colcon_core.package_identification:_identify(.) by extensions ['python_setup_py']
[1.916s] Level 1:colcon.colcon_core.package_identification:_identify(.) by extension 'python_setup_py'
[1.916s] Level 1:colcon.colcon_core.package_identification:_identify(build) by extensions ['ignore', 'ignore_ament_install']
[1.917s] Level 1:colcon.colcon_core.package_identification:_identify(build) by extension 'ignore'
[1.917s] Level 1:colcon.colcon_core.package_identification:_identify(build) ignored
[1.917s] Level 1:colcon.colcon_core.package_identification:_identify(install) by extensions ['ignore', 'ignore_ament_install']
[1.918s] Level 1:colcon.colcon_core.package_identification:_identify(install) by extension 'ignore'
[1.918s] Level 1:colcon.colcon_core.package_identification:_identify(install) ignored
[1.918s] Level 1:colcon.colcon_core.package_identification:_identify(launch) by extensions ['ignore', 'ignore_ament_install']
[1.918s] Level 1:colcon.colcon_core.package_identification:_identify(launch) by extension 'ignore'
[1.919s] Level 1:colcon.colcon_core.package_identification:_identify(launch) by extension 'ignore_ament_install'
[1.919s] Level 1:colcon.colcon_core.package_identification:_identify(launch) by extensions ['colcon_pkg']
[1.919s] Level 1:colcon.colcon_core.package_identification:_identify(launch) by extension 'colcon_pkg'
[1.919s] Level 1:colcon.colcon_core.package_identification:_identify(launch) by extensions ['colcon_meta']
[1.919s] Level 1:colcon.colcon_core.package_identification:_identify(launch) by extension 'colcon_meta'
[1.920s] Level 1:colcon.colcon_core.package_identification:_identify(launch) by extensions ['ros']
[1.920s] Level 1:colcon.colcon_core.package_identification:_identify(launch) by extension 'ros'
[1.920s] Level 1:colcon.colcon_core.package_identification:_identify(launch) by extensions ['cmake', 'python']
[1.920s] Level 1:colcon.colcon_core.package_identification:_identify(launch) by extension 'cmake'
[1.920s] Level 1:colcon.colcon_core.package_identification:_identify(launch) by extension 'python'
[1.920s] Level 1:colcon.colcon_core.package_identification:_identify(launch) by extensions ['python_setup_py']
[1.921s] Level 1:colcon.colcon_core.package_identification:_identify(launch) by extension 'python_setup_py'
[1.921s] Level 1:colcon.colcon_core.package_identification:_identify(launch/__pycache__) by extensions ['ignore', 'ignore_ament_install']
[1.921s] Level 1:colcon.colcon_core.package_identification:_identify(launch/__pycache__) by extension 'ignore'
[1.921s] Level 1:colcon.colcon_core.package_identification:_identify(launch/__pycache__) by extension 'ignore_ament_install'
[1.922s] Level 1:colcon.colcon_core.package_identification:_identify(launch/__pycache__) by extensions ['colcon_pkg']
[1.922s] Level 1:colcon.colcon_core.package_identification:_identify(launch/__pycache__) by extension 'colcon_pkg'
[1.922s] Level 1:colcon.colcon_core.package_identification:_identify(launch/__pycache__) by extensions ['colcon_meta']
[1.922s] Level 1:colcon.colcon_core.package_identification:_identify(launch/__pycache__) by extension 'colcon_meta'
[1.922s] Level 1:colcon.colcon_core.package_identification:_identify(launch/__pycache__) by extensions ['ros']
[1.922s] Level 1:colcon.colcon_core.package_identification:_identify(launch/__pycache__) by extension 'ros'
[1.923s] Level 1:colcon.colcon_core.package_identification:_identify(launch/__pycache__) by extensions ['cmake', 'python']
[1.923s] Level 1:colcon.colcon_core.package_identification:_identify(launch/__pycache__) by extension 'cmake'
[1.923s] Level 1:colcon.colcon_core.package_identification:_identify(launch/__pycache__) by extension 'python'
[1.923s] Level 1:colcon.colcon_core.package_identification:_identify(launch/__pycache__) by extensions ['python_setup_py']
[1.923s] Level 1:colcon.colcon_core.package_identification:_identify(launch/__pycache__) by extension 'python_setup_py'
[1.924s] Level 1:colcon.colcon_core.package_identification:_identify(log) by extensions ['ignore', 'ignore_ament_install']
[1.924s] Level 1:colcon.colcon_core.package_identification:_identify(log) by extension 'ignore'
[1.924s] Level 1:colcon.colcon_core.package_identification:_identify(log) ignored
[1.926s] Level 1:colcon.colcon_core.package_identification:_identify(src) by extensions ['ignore', 'ignore_ament_install']
[1.926s] Level 1:colcon.colcon_core.package_identification:_identify(src) by extension 'ignore'
[1.926s] Level 1:colcon.colcon_core.package_identification:_identify(src) by extension 'ignore_ament_install'
[1.927s] Level 1:colcon.colcon_core.package_identification:_identify(src) by extensions ['colcon_pkg']
[1.927s] Level 1:colcon.colcon_core.package_identification:_identify(src) by extension 'colcon_pkg'
[1.927s] Level 1:colcon.colcon_core.package_identification:_identify(src) by extensions ['colcon_meta']
[1.927s] Level 1:colcon.colcon_core.package_identification:_identify(src) by extension 'colcon_meta'
[1.927s] Level 1:colcon.colcon_core.package_identification:_identify(src) by extensions ['ros']
[1.927s] Level 1:colcon.colcon_core.package_identification:_identify(src) by extension 'ros'
[1.928s] Level 1:colcon.colcon_core.package_identification:_identify(src) by extensions ['cmake', 'python']
[1.928s] Level 1:colcon.colcon_core.package_identification:_identify(src) by extension 'cmake'
[1.928s] Level 1:colcon.colcon_core.package_identification:_identify(src) by extension 'python'
[1.928s] Level 1:colcon.colcon_core.package_identification:_identify(src) by extensions ['python_setup_py']
[1.928s] Level 1:colcon.colcon_core.package_identification:_identify(src) by extension 'python_setup_py'
[1.929s] Level 1:colcon.colcon_core.package_identification:_identify(src/image_publisher) by extensions ['ignore', 'ignore_ament_install']
[1.930s] Level 1:colcon.colcon_core.package_identification:_identify(src/image_publisher) by extension 'ignore'
[1.930s] Level 1:colcon.colcon_core.package_identification:_identify(src/image_publisher) by extension 'ignore_ament_install'
[1.930s] Level 1:colcon.colcon_core.package_identification:_identify(src/image_publisher) by extensions ['colcon_pkg']
[1.930s] Level 1:colcon.colcon_core.package_identification:_identify(src/image_publisher) by extension 'colcon_pkg'
[1.930s] Level 1:colcon.colcon_core.package_identification:_identify(src/image_publisher) by extensions ['colcon_meta']
[1.930s] Level 1:colcon.colcon_core.package_identification:_identify(src/image_publisher) by extension 'colcon_meta'
[1.931s] Level 1:colcon.colcon_core.package_identification:_identify(src/image_publisher) by extensions ['ros']
[1.931s] Level 1:colcon.colcon_core.package_identification:_identify(src/image_publisher) by extension 'ros'
[1.942s] DEBUG:colcon.colcon_core.package_identification:Package 'src/image_publisher' with type 'ros.ament_python' and name 'image_publisher'
[1.944s] Level 1:colcon.colcon_core.package_identification:_identify(src/new_bringup) by extensions ['ignore', 'ignore_ament_install']
[1.944s] Level 1:colcon.colcon_core.package_identification:_identify(src/new_bringup) by extension 'ignore'
[1.944s] Level 1:colcon.colcon_core.package_identification:_identify(src/new_bringup) by extension 'ignore_ament_install'
[1.945s] Level 1:colcon.colcon_core.package_identification:_identify(src/new_bringup) by extensions ['colcon_pkg']
[1.945s] Level 1:colcon.colcon_core.package_identification:_identify(src/new_bringup) by extension 'colcon_pkg'
[1.945s] Level 1:colcon.colcon_core.package_identification:_identify(src/new_bringup) by extensions ['colcon_meta']
[1.945s] Level 1:colcon.colcon_core.package_identification:_identify(src/new_bringup) by extension 'colcon_meta'
[1.945s] Level 1:colcon.colcon_core.package_identification:_identify(src/new_bringup) by extensions ['ros']
[1.945s] Level 1:colcon.colcon_core.package_identification:_identify(src/new_bringup) by extension 'ros'
[1.948s] DEBUG:colcon.colcon_core.package_identification:Package 'src/new_bringup' with type 'ros.ament_python' and name 'new_bringup'
[1.949s] Level 1:colcon.colcon_core.package_discovery:discover_packages(recursive) using defaults
[1.949s] Level 1:colcon.colcon_core.package_discovery:discover_packages(ignore) discover
[1.949s] Level 1:colcon.colcon_core.package_discovery:discover_packages(ignore) using defaults
[1.949s] Level 1:colcon.colcon_core.package_discovery:discover_packages(path) discover
[1.949s] Level 1:colcon.colcon_core.package_discovery:discover_packages(path) using defaults
[2.082s] Level 1:colcon.colcon_core.package_discovery:discover_packages(prefix_path) check parameters
[2.083s] Level 1:colcon.colcon_core.package_discovery:discover_packages(prefix_path) discover
[2.101s] DEBUG:colcon.colcon_installed_package_information.package_discovery:Found 1 installed packages in /home/grupo4/turtlebot3_ws/install
[2.112s] DEBUG:colcon.colcon_installed_package_information.package_discovery:Found 336 installed packages in /opt/ros/humble
[2.155s] Level 1:colcon.colcon_core.package_discovery:discover_packages(prefix_path) using defaults
[2.358s] Level 5:colcon.colcon_core.verb:set package 'image_publisher' build argument 'cmake_args' from command line to 'None'
[2.358s] Level 5:colcon.colcon_core.verb:set package 'image_publisher' build argument 'cmake_target' from command line to 'None'
[2.358s] Level 5:colcon.colcon_core.verb:set package 'image_publisher' build argument 'cmake_target_skip_unavailable' from command line to 'False'
[2.358s] Level 5:colcon.colcon_core.verb:set package 'image_publisher' build argument 'cmake_clean_cache' from command line to 'False'
[2.358s] Level 5:colcon.colcon_core.verb:set package 'image_publisher' build argument 'cmake_clean_first' from command line to 'False'
[2.358s] Level 5:colcon.colcon_core.verb:set package 'image_publisher' build argument 'cmake_force_configure' from command line to 'False'
[2.359s] Level 5:colcon.colcon_core.verb:set package 'image_publisher' build argument 'ament_cmake_args' from command line to 'None'
[2.359s] Level 5:colcon.colcon_core.verb:set package 'image_publisher' build argument 'catkin_cmake_args' from command line to 'None'
[2.359s] Level 5:colcon.colcon_core.verb:set package 'image_publisher' build argument 'catkin_skip_building_tests' from command line to 'False'
[2.359s] DEBUG:colcon.colcon_core.verb:Building package 'image_publisher' with the following arguments: {'ament_cmake_args': None, 'build_base': '/home/grupo4/main_ws/build/image_publisher', 'catkin_cmake_args': None, 'catkin_skip_building_tests': False, 'cmake_args': None, 'cmake_clean_cache': False, 'cmake_clean_first': False, 'cmake_force_configure': False, 'cmake_target': None, 'cmake_target_skip_unavailable': False, 'install_base': '/home/grupo4/main_ws/install/image_publisher', 'merge_install': False, 'path': '/home/grupo4/main_ws/src/image_publisher', 'symlink_install': False, 'test_result_base': None}
[2.361s] Level 5:colcon.colcon_core.verb:set package 'new_bringup' build argument 'cmake_args' from command line to 'None'
[2.361s] Level 5:colcon.colcon_core.verb:set package 'new_bringup' build argument 'cmake_target' from command line to 'None'
[2.361s] Level 5:colcon.colcon_core.verb:set package 'new_bringup' build argument 'cmake_target_skip_unavailable' from command line to 'False'
[2.361s] Level 5:colcon.colcon_core.verb:set package 'new_bringup' build argument 'cmake_clean_cache' from command line to 'False'
[2.361s] Level 5:colcon.colcon_core.verb:set package 'new_bringup' build argument 'cmake_clean_first' from command line to 'False'
[2.361s] Level 5:colcon.colcon_core.verb:set package 'new_bringup' build argument 'cmake_force_configure' from command line to 'False'
[2.361s] Level 5:colcon.colcon_core.verb:set package 'new_bringup' build argument 'ament_cmake_args' from command line to 'None'
[2.361s] Level 5:colcon.colcon_core.verb:set package 'new_bringup' build argument 'catkin_cmake_args' from command line to 'None'
[2.361s] Level 5:colcon.colcon_core.verb:set package 'new_bringup' build argument 'catkin_skip_building_tests' from command line to 'False'
[2.362s] DEBUG:colcon.colcon_core.verb:Building package 'new_bringup' with the following arguments: {'ament_cmake_args': None, 'build_base': '/home/grupo4/main_ws/build/new_bringup', 'catkin_cmake_args': None, 'catkin_skip_building_tests': False, 'cmake_args': None, 'cmake_clean_cache': False, 'cmake_clean_first': False, 'cmake_force_configure': False, 'cmake_target': None, 'cmake_target_skip_unavailable': False, 'install_base': '/home/grupo4/main_ws/install/new_bringup', 'merge_install': False, 'path': '/home/grupo4/main_ws/src/new_bringup', 'symlink_install': False, 'test_result_base': None}
[2.362s] INFO:colcon.colcon_core.executor:Executing jobs using 'parallel' executor
[2.365s] DEBUG:colcon.colcon_parallel_executor.executor.parallel:run_until_complete
[2.366s] INFO:colcon.colcon_ros.task.ament_python.build:Building ROS package in '/home/grupo4/main_ws/src/image_publisher' with build type 'ament_python'
[2.367s] Level 1:colcon.colcon_core.shell:create_environment_hook('image_publisher', 'ament_prefix_path')
[2.385s] INFO:colcon.colcon_core.plugin_system:Skipping extension 'colcon_core.shell.bat': Not used on non-Windows systems
[2.386s] INFO:colcon.colcon_core.shell:Creating environment hook '/home/grupo4/main_ws/install/image_publisher/share/image_publisher/hook/ament_prefix_path.ps1'
[2.391s] INFO:colcon.colcon_core.shell:Creating environment descriptor '/home/grupo4/main_ws/install/image_publisher/share/image_publisher/hook/ament_prefix_path.dsv'
[2.394s] INFO:colcon.colcon_core.shell:Creating environment hook '/home/grupo4/main_ws/install/image_publisher/share/image_publisher/hook/ament_prefix_path.sh'
[2.398s] INFO:colcon.colcon_core.shell:Skip shell extension 'powershell' for command environment: Not usable outside of PowerShell
[2.398s] DEBUG:colcon.colcon_core.shell:Skip shell extension 'dsv' for command environment
[2.420s] INFO:colcon.colcon_ros.task.ament_python.build:Building ROS package in '/home/grupo4/main_ws/src/new_bringup' with build type 'ament_python'
[2.421s] Level 1:colcon.colcon_core.shell:create_environment_hook('new_bringup', 'ament_prefix_path')
[2.422s] INFO:colcon.colcon_core.shell:Creating environment hook '/home/grupo4/main_ws/install/new_bringup/share/new_bringup/hook/ament_prefix_path.ps1'
[2.427s] INFO:colcon.colcon_core.shell:Creating environment descriptor '/home/grupo4/main_ws/install/new_bringup/share/new_bringup/hook/ament_prefix_path.dsv'
[2.429s] INFO:colcon.colcon_core.shell:Creating environment hook '/home/grupo4/main_ws/install/new_bringup/share/new_bringup/hook/ament_prefix_path.sh'
[2.432s] INFO:colcon.colcon_core.shell:Skip shell extension 'powershell' for command environment: Not usable outside of PowerShell
[2.432s] DEBUG:colcon.colcon_core.shell:Skip shell extension 'dsv' for command environment
[3.613s] INFO:colcon.colcon_core.task.python.build:Building Python package in '/home/grupo4/main_ws/src/image_publisher'
[3.614s] INFO:colcon.colcon_core.shell:Skip shell extension 'powershell' for command environment: Not usable outside of PowerShell
[3.614s] DEBUG:colcon.colcon_core.shell:Skip shell extension 'dsv' for command environment
[4.787s] INFO:colcon.colcon_core.task.python.build:Building Python package in '/home/grupo4/main_ws/src/new_bringup'
[4.788s] INFO:colcon.colcon_core.shell:Skip shell extension 'powershell' for command environment: Not usable outside of PowerShell
[4.788s] DEBUG:colcon.colcon_core.shell:Skip shell extension 'dsv' for command environment
[7.761s] DEBUG:colcon.colcon_core.event_handler.log_command:Invoking command in '/home/grupo4/main_ws/src/new_bringup': PYTHONPATH=/home/grupo4/main_ws/build/new_bringup/prefix_override:/home/grupo4/main_ws/install/new_bringup/lib/python3.10/site-packages:${PYTHONPATH} /usr/bin/python3 -W ignore:setup.py install is deprecated setup.py egg_info --egg-base ../../build/new_bringup build --build-base /home/grupo4/main_ws/build/new_bringup/build install --record /home/grupo4/main_ws/build/new_bringup/install.log --single-version-externally-managed install_data
[7.780s] DEBUG:colcon.colcon_core.event_handler.log_command:Invoking command in '/home/grupo4/main_ws/src/image_publisher': PYTHONPATH=/home/grupo4/main_ws/build/image_publisher/prefix_override:/home/grupo4/main_ws/install/image_publisher/lib/python3.10/site-packages:${PYTHONPATH} /usr/bin/python3 -W ignore:setup.py install is deprecated setup.py egg_info --egg-base ../../build/image_publisher build --build-base /home/grupo4/main_ws/build/image_publisher/build install --record /home/grupo4/main_ws/build/image_publisher/install.log --single-version-externally-managed install_data
[9.286s] DEBUG:colcon.colcon_core.event_handler.log_command:Invoked command in '/home/grupo4/main_ws/src/new_bringup' returned '0': PYTHONPATH=/home/grupo4/main_ws/build/new_bringup/prefix_override:/home/grupo4/main_ws/install/new_bringup/lib/python3.10/site-packages:${PYTHONPATH} /usr/bin/python3 -W ignore:setup.py install is deprecated setup.py egg_info --egg-base ../../build/new_bringup build --build-base /home/grupo4/main_ws/build/new_bringup/build install --record /home/grupo4/main_ws/build/new_bringup/install.log --single-version-externally-managed install_data
[9.321s] Level 1:colcon.colcon_core.environment:checking '/home/grupo4/main_ws/install/new_bringup' for CMake module files
[9.325s] Level 1:colcon.colcon_core.environment:checking '/home/grupo4/main_ws/install/new_bringup' for CMake config files
[9.332s] Level 1:colcon.colcon_core.environment:checking '/home/grupo4/main_ws/install/new_bringup/lib'
[9.333s] Level 1:colcon.colcon_core.environment:checking '/home/grupo4/main_ws/install/new_bringup/bin'
[9.333s] Level 1:colcon.colcon_core.environment:checking '/home/grupo4/main_ws/install/new_bringup/lib/pkgconfig/new_bringup.pc'
[9.334s] Level 1:colcon.colcon_core.environment:checking '/home/grupo4/main_ws/install/new_bringup/lib/python3.10/site-packages'
[9.334s] Level 1:colcon.colcon_core.shell:create_environment_hook('new_bringup', 'pythonpath')
[9.335s] INFO:colcon.colcon_core.shell:Creating environment hook '/home/grupo4/main_ws/install/new_bringup/share/new_bringup/hook/pythonpath.ps1'
[9.337s] INFO:colcon.colcon_core.shell:Creating environment descriptor '/home/grupo4/main_ws/install/new_bringup/share/new_bringup/hook/pythonpath.dsv'
[9.338s] INFO:colcon.colcon_core.shell:Creating environment hook '/home/grupo4/main_ws/install/new_bringup/share/new_bringup/hook/pythonpath.sh'
[9.341s] Level 1:colcon.colcon_core.environment:checking '/home/grupo4/main_ws/install/new_bringup/bin'
[9.341s] Level 1:colcon.colcon_core.environment:create_environment_scripts_only(new_bringup)
[9.343s] INFO:colcon.colcon_core.shell:Creating package script '/home/grupo4/main_ws/install/new_bringup/share/new_bringup/package.ps1'
[9.347s] INFO:colcon.colcon_core.shell:Creating package descriptor '/home/grupo4/main_ws/install/new_bringup/share/new_bringup/package.dsv'
[9.350s] INFO:colcon.colcon_core.shell:Creating package script '/home/grupo4/main_ws/install/new_bringup/share/new_bringup/package.sh'
[9.353s] INFO:colcon.colcon_core.shell:Creating package script '/home/grupo4/main_ws/install/new_bringup/share/new_bringup/package.bash'
[9.357s] INFO:colcon.colcon_core.shell:Creating package script '/home/grupo4/main_ws/install/new_bringup/share/new_bringup/package.zsh'
[9.361s] Level 1:colcon.colcon_core.environment:create_file_with_runtime_dependencies(/home/grupo4/main_ws/install/new_bringup/share/colcon-core/packages/new_bringup)
[9.366s] Level 1:colcon.colcon_core.environment:checking '/home/grupo4/main_ws/install/image_publisher' for CMake module files
[9.368s] DEBUG:colcon.colcon_core.event_handler.log_command:Invoked command in '/home/grupo4/main_ws/src/image_publisher' returned '0': PYTHONPATH=/home/grupo4/main_ws/build/image_publisher/prefix_override:/home/grupo4/main_ws/install/image_publisher/lib/python3.10/site-packages:${PYTHONPATH} /usr/bin/python3 -W ignore:setup.py install is deprecated setup.py egg_info --egg-base ../../build/image_publisher build --build-base /home/grupo4/main_ws/build/image_publisher/build install --record /home/grupo4/main_ws/build/image_publisher/install.log --single-version-externally-managed install_data
[9.370s] Level 1:colcon.colcon_core.environment:checking '/home/grupo4/main_ws/install/image_publisher' for CMake config files
[9.374s] Level 1:colcon.colcon_core.environment:checking '/home/grupo4/main_ws/install/image_publisher/lib'
[9.375s] Level 1:colcon.colcon_core.environment:checking '/home/grupo4/main_ws/install/image_publisher/bin'
[9.375s] Level 1:colcon.colcon_core.environment:checking '/home/grupo4/main_ws/install/image_publisher/lib/pkgconfig/image_publisher.pc'
[9.376s] Level 1:colcon.colcon_core.environment:checking '/home/grupo4/main_ws/install/image_publisher/lib/python3.10/site-packages'
[9.376s] Level 1:colcon.colcon_core.shell:create_environment_hook('image_publisher', 'pythonpath')
[9.377s] INFO:colcon.colcon_core.shell:Creating environment hook '/home/grupo4/main_ws/install/image_publisher/share/image_publisher/hook/pythonpath.ps1'
[9.379s] INFO:colcon.colcon_core.shell:Creating environment descriptor '/home/grupo4/main_ws/install/image_publisher/share/image_publisher/hook/pythonpath.dsv'
[9.381s] INFO:colcon.colcon_core.shell:Creating environment hook '/home/grupo4/main_ws/install/image_publisher/share/image_publisher/hook/pythonpath.sh'
[9.384s] Level 1:colcon.colcon_core.environment:checking '/home/grupo4/main_ws/install/image_publisher/bin'
[9.384s] Level 1:colcon.colcon_core.environment:create_environment_scripts_only(image_publisher)
[9.385s] INFO:colcon.colcon_core.shell:Creating package script '/home/grupo4/main_ws/install/image_publisher/share/image_publisher/package.ps1'
[9.388s] INFO:colcon.colcon_core.shell:Creating package descriptor '/home/grupo4/main_ws/install/image_publisher/share/image_publisher/package.dsv'
[9.390s] INFO:colcon.colcon_core.shell:Creating package script '/home/grupo4/main_ws/install/image_publisher/share/image_publisher/package.sh'
[9.392s] INFO:colcon.colcon_core.shell:Creating package script '/home/grupo4/main_ws/install/image_publisher/share/image_publisher/package.bash'
[9.394s] INFO:colcon.colcon_core.shell:Creating package script '/home/grupo4/main_ws/install/image_publisher/share/image_publisher/package.zsh'
[9.395s] Level 1:colcon.colcon_core.environment:create_file_with_runtime_dependencies(/home/grupo4/main_ws/install/image_publisher/share/colcon-core/packages/image_publisher)
[9.396s] DEBUG:colcon.colcon_parallel_executor.executor.parallel:closing loop
[9.397s] DEBUG:colcon.colcon_parallel_executor.executor.parallel:loop closed
[9.398s] DEBUG:colcon.colcon_parallel_executor.executor.parallel:run_until_complete finished with '0'
[9.398s] DEBUG:colcon.colcon_core.event_reactor:joining thread
[9.432s] INFO:colcon.colcon_core.plugin_system:Skipping extension 'colcon_notification.desktop_notification.terminal_notifier': Not used on non-Darwin systems
[9.432s] INFO:colcon.colcon_core.plugin_system:Skipping extension 'colcon_notification.desktop_notification.win32': Not used on non-Windows systems
[9.432s] INFO:colcon.colcon_notification.desktop_notification:Sending desktop notification using 'notify2'
[9.438s] DEBUG:colcon.colcon_notification.desktop_notification.notify2:Failed to initialize notify2: org.freedesktop.DBus.Error.ServiceUnknown: The name org.freedesktop.Notifications was not provided by any .service files
[9.438s] DEBUG:colcon.colcon_core.event_reactor:joined thread
[9.440s] INFO:colcon.colcon_core.shell:Creating prefix script '/home/grupo4/main_ws/install/local_setup.ps1'
[9.445s] INFO:colcon.colcon_core.shell:Creating prefix util module '/home/grupo4/main_ws/install/_local_setup_util_ps1.py'
[9.454s] INFO:colcon.colcon_core.shell:Creating prefix chain script '/home/grupo4/main_ws/install/setup.ps1'
[9.460s] INFO:colcon.colcon_core.shell:Creating prefix script '/home/grupo4/main_ws/install/local_setup.sh'
[9.463s] INFO:colcon.colcon_core.shell:Creating prefix util module '/home/grupo4/main_ws/install/_local_setup_util_sh.py'
[9.465s] INFO:colcon.colcon_core.shell:Creating prefix chain script '/home/grupo4/main_ws/install/setup.sh'
[9.470s] INFO:colcon.colcon_core.shell:Creating prefix script '/home/grupo4/main_ws/install/local_setup.bash'
[9.473s] INFO:colcon.colcon_core.shell:Creating prefix chain script '/home/grupo4/main_ws/install/setup.bash'
[9.478s] INFO:colcon.colcon_core.shell:Creating prefix script '/home/grupo4/main_ws/install/local_setup.zsh'
[9.481s] INFO:colcon.colcon_core.shell:Creating prefix chain script '/home/grupo4/main_ws/install/setup.zsh'
